<?xml version="1.0" encoding="UTF-8"?>
<!-- Generated by org.testng.reporters.JUnitXMLReporter -->
<testsuite ignored="1" hostname="Jaanvi" failures="0" tests="2" name="DataStructureTest" time="10.075" errors="0" timestamp="2025-05-17T21:19:53 CDT">
  <testcase classname="testClasses.DataStructureTests" name="testInValidOutputforTimeComplexity" time="1.479"/>
  <testcase classname="testClasses.DataStructureTests" name="testValidOutputforTimeComplexity1" time="1.56"/>
  <testcase classname="baseClass.BaseClass" name="@BeforeSuite SetUp" time="0.0">
    <ignored/>
  </testcase> <!-- @BeforeSuite SetUp -->
</testsuite> <!-- DataStructureTest -->
