<?xml version="1.0" encoding="UTF-8"?>
<!-- Generated by org.testng.reporters.JUnitXMLReporter -->
<testsuite ignored="2" hostname="Dineshs-MacBook-Pro.local" failures="0" tests="1" name="Default test" time="10.216" errors="0" timestamp="2025-05-19T22:31:19 EDT">
  <testcase classname="testClasses.SignInTests" name="testEmptyData" time="0.522"/>
  <testcase classname="testClasses.SignInTests" name="testInvalidLogin" time="0.0">
    <ignored/>
  </testcase> <!-- testInvalidLogin -->
  <testcase classname="testClasses.SignInTests" name="testValidLogin" time="0.0">
    <ignored/>
  </testcase> <!-- testValidLogin -->
</testsuite> <!-- Default test -->
