<?xml version="1.0" encoding="UTF-8"?>
<!-- Generated by org.testng.reporters.JUnitXMLReporter -->
<testsuite ignored="15" hostname="Dineshs-MacBook-Pro.local" failures="0" tests="1" name="Default test" time="11.02" errors="0" timestamp="2025-05-20T10:09:10 EDT">
  <testcase classname="testClasses.ArrayTests" name="MaxConsecutiveOnes" time="2.631"/>
  <testcase classname="testClasses.ArrayTests" name="ArraysinPython1" time="0.0">
    <ignored/>
  </testcase> <!-- ArraysinPython1 -->
  <testcase classname="testClasses.ArrayTests" name="ArraysUsingList1" time="0.0">
    <ignored/>
  </testcase> <!-- ArraysUsingList1 -->
  <testcase classname="testClasses.ArrayTests" name="EvenNumberOfDigits" time="0.0">
    <ignored/>
  </testcase> <!-- EvenNumberOfDigits -->
  <testcase classname="testClasses.ArrayTests" name="BasicOperationsinLists" time="0.0">
    <ignored/>
  </testcase> <!-- BasicOperationsinLists -->
  <testcase classname="testClasses.ArrayTests" name="SquaresofaSorted1" time="0.0">
    <ignored/>
  </testcase> <!-- SquaresofaSorted1 -->
  <testcase classname="testClasses.ArrayTests" name="SquaresofaSorted" time="0.0">
    <ignored/>
  </testcase> <!-- SquaresofaSorted -->
  <testcase classname="testClasses.ArrayTests" name="EvenNumberOfDigits1" time="0.0">
    <ignored/>
  </testcase> <!-- EvenNumberOfDigits1 -->
  <testcase classname="testClasses.ArrayTests" name="ArraysUsingList" time="0.0">
    <ignored/>
  </testcase> <!-- ArraysUsingList -->
  <testcase classname="testClasses.ArrayTests" name="SearchTheArray" time="0.0">
    <ignored/>
  </testcase> <!-- SearchTheArray -->
  <testcase classname="testClasses.ArrayTests" name="ApplicationsofArray1" time="0.0">
    <ignored/>
  </testcase> <!-- ApplicationsofArray1 -->
  <testcase classname="testClasses.ArrayTests" name="BasicOperationsinLists1" time="0.0">
    <ignored/>
  </testcase> <!-- BasicOperationsinLists1 -->
  <testcase classname="testClasses.ArrayTests" name="SearchTheArray1" time="0.0">
    <ignored/>
  </testcase> <!-- SearchTheArray1 -->
  <testcase classname="testClasses.ArrayTests" name="ArraysinPython" time="0.0">
    <ignored/>
  </testcase> <!-- ArraysinPython -->
  <testcase classname="testClasses.ArrayTests" name="ApplicationsofArray" time="0.0">
    <ignored/>
  </testcase> <!-- ApplicationsofArray -->
  <testcase classname="testClasses.ArrayTests" name="MaxConsecutiveOnes1" time="0.0">
    <ignored/>
  </testcase> <!-- MaxConsecutiveOnes1 -->
</testsuite> <!-- Default test -->
