<?xml version="1.0" encoding="UTF-8"?>
<testng-results ignored="0" total="2" passed="2" failed="0" skipped="0">
  <reporter-output>
  </reporter-output>
  <suite started-at="2025-05-17T21:19:43 CDT" name="MyTestSuite" finished-at="2025-05-17T21:19:53 CDT" duration-ms="10075">
    <groups>
    </groups>
    <test started-at="2025-05-17T21:19:43 CDT" name="DataStructureTest" finished-at="2025-05-17T21:19:53 CDT" duration-ms="10075">
      <class name="testClasses.DataStructureTests">
        <test-method is-config="true" signature="setUpDataStructure()[pri:0, instance:testClasses.DataStructureTests@11981797]" started-at="2025-05-17T21:19:43 CDT" name="setUpDataStructure" finished-at="2025-05-17T21:19:46 CDT" duration-ms="2982" status="PASS">
          <reporter-output>
          </reporter-output>
        </test-method> <!-- setUpDataStructure -->
        <test-method signature="testInValidOutputforTimeComplexity(java.lang.String,int,java.lang.String)[pri:1, instance:testClasses.DataStructureTests@11981797]" started-at="2025-05-17T21:19:46 CDT" name="testInValidOutputforTimeComplexity" data-provider="InvalidPythonCode" finished-at="2025-05-17T21:19:47 CDT" duration-ms="1479" status="PASS">
          <params>
            <param index="0">
              <value>
                <![CDATA[tryEditorCode]]>
              </value>
            </param>
            <param index="1">
              <value>
                <![CDATA[1]]>
              </value>
            </param>
            <param index="2">
              <value>
                <![CDATA[SyntaxError: bad input on line 1]]>
              </value>
            </param>
          </params>
          <reporter-output>
          </reporter-output>
        </test-method> <!-- testInValidOutputforTimeComplexity -->
        <test-method is-config="true" signature="tearDown()[pri:0, instance:testClasses.DataStructureTests@11981797]" started-at="2025-05-17T21:19:47 CDT" name="tearDown" finished-at="2025-05-17T21:19:48 CDT" duration-ms="270" status="PASS">
          <reporter-output>
          </reporter-output>
        </test-method> <!-- tearDown -->
        <test-method is-config="true" signature="setUpDataStructure()[pri:0, instance:testClasses.DataStructureTests@11981797]" started-at="2025-05-17T21:19:48 CDT" name="setUpDataStructure" finished-at="2025-05-17T21:19:51 CDT" duration-ms="3358" status="PASS">
          <reporter-output>
          </reporter-output>
        </test-method> <!-- setUpDataStructure -->
        <test-method signature="testValidOutputforTimeComplexity1(java.lang.String,int,java.lang.String)[pri:1, instance:testClasses.DataStructureTests@11981797]" started-at="2025-05-17T21:19:51 CDT" name="testValidOutputforTimeComplexity1" data-provider="ValidPythonCode" finished-at="2025-05-17T21:19:52 CDT" duration-ms="1560" status="PASS">
          <params>
            <param index="0">
              <value>
                <![CDATA[tryEditorCode]]>
              </value>
            </param>
            <param index="1">
              <value>
                <![CDATA[0]]>
              </value>
            </param>
            <param index="2">
              <value>
                <![CDATA[Python is fun!]]>
              </value>
            </param>
          </params>
          <reporter-output>
          </reporter-output>
        </test-method> <!-- testValidOutputforTimeComplexity1 -->
        <test-method is-config="true" signature="tearDown()[pri:0, instance:testClasses.DataStructureTests@11981797]" started-at="2025-05-17T21:19:52 CDT" name="tearDown" finished-at="2025-05-17T21:19:53 CDT" duration-ms="244" status="PASS">
          <reporter-output>
          </reporter-output>
        </test-method> <!-- tearDown -->
      </class> <!-- testClasses.DataStructureTests -->
      <class name="baseClass.BaseClass">
        <test-method is-config="true" signature="SetUp()[pri:0, instance:baseClass.BaseClass@31e4bb20]" started-at="2025-05-17T21:19:40 CDT" name="SetUp" finished-at="2025-05-17T21:19:43 CDT" duration-ms="2207" status="PASS">
          <reporter-output>
          </reporter-output>
        </test-method> <!-- SetUp -->
        <test-method is-config="true" signature="tearDown()[pri:0, instance:baseClass.BaseClass@31e4bb20]" started-at="2025-05-17T21:19:53 CDT" name="tearDown" finished-at="2025-05-17T21:19:53 CDT" duration-ms="1" status="PASS">
          <reporter-output>
          </reporter-output>
        </test-method> <!-- tearDown -->
      </class> <!-- baseClass.BaseClass -->
    </test> <!-- DataStructureTest -->
  </suite> <!-- MyTestSuite -->
</testng-results>
