<?xml version="1.0" encoding="UTF-8"?>
<testng-results ignored="0" total="138" passed="123" failed="15" skipped="0">
  <reporter-output>
  </reporter-output>
  <suite started-at="2025-05-19T14:30:23 EDT" name="DSAlgo Suite" finished-at="2025-05-19T14:39:17 EDT" duration-ms="534096">
    <groups>
      <group name="negative">
        <method signature="ArrayTests.SearchTheArray1(java.lang.String,int,java.lang.String)[pri:10, instance:testClasses.ArrayTests@4ddbbdf8]" name="SearchTheArray1" class="testClasses.ArrayTests"/>
        <method signature="ArrayTests.MaxConsecutiveOnes1(java.lang.String,int,java.lang.String)[pri:12, instance:testClasses.ArrayTests@4ddbbdf8]" name="MaxConsecutiveOnes1" class="testClasses.ArrayTests"/>
        <method signature="ArrayTests.EvenNumberOfDigits1(java.lang.String,int,java.lang.String)[pri:14, instance:testClasses.ArrayTests@4ddbbdf8]" name="EvenNumberOfDigits1" class="testClasses.ArrayTests"/>
        <method signature="ArrayTests.SquaresofaSorted1(java.lang.String,int,java.lang.String)[pri:16, instance:testClasses.ArrayTests@4ddbbdf8]" name="SquaresofaSorted1" class="testClasses.ArrayTests"/>
      </group> <!-- negative -->
      <group name="smoke">
        <method signature="GraphTests.testPracticeQuestionsLinkInsideGraph()[pri:3, instance:testClasses.GraphTests@20c0a64d]" name="testPracticeQuestionsLinkInsideGraph" class="testClasses.GraphTests"/>
        <method signature="StackTests.testPracticeQuestionsApplications()[pri:3, instance:testClasses.StackTests@71329995]" name="testPracticeQuestionsApplications" class="testClasses.StackTests"/>
        <method signature="StackTests.testPracticeQuestionsOpsStack()[pri:3, instance:testClasses.StackTests@71329995]" name="testPracticeQuestionsOpsStack" class="testClasses.StackTests"/>
        <method signature="GraphTests.testPracticeQuestionsGraphRepresentation()[pri:6, instance:testClasses.GraphTests@20c0a64d]" name="testPracticeQuestionsGraphRepresentation" class="testClasses.GraphTests"/>
        <method signature="StackTests.testPracticeQuestionsImplemntation()[pri:6, instance:testClasses.StackTests@71329995]" name="testPracticeQuestionsImplemntation" class="testClasses.StackTests"/>
      </group> <!-- smoke -->
      <group name="positive">
        <method signature="ArrayTests.SearchTheArray(java.lang.String,int,java.lang.String)[pri:9, instance:testClasses.ArrayTests@4ddbbdf8]" name="SearchTheArray" class="testClasses.ArrayTests"/>
        <method signature="ArrayTests.MaxConsecutiveOnes(java.lang.String,int,java.lang.String)[pri:11, instance:testClasses.ArrayTests@4ddbbdf8]" name="MaxConsecutiveOnes" class="testClasses.ArrayTests"/>
        <method signature="ArrayTests.EvenNumberOfDigits(java.lang.String,int,java.lang.String)[pri:13, instance:testClasses.ArrayTests@4ddbbdf8]" name="EvenNumberOfDigits" class="testClasses.ArrayTests"/>
        <method signature="ArrayTests.SquaresofaSorted(java.lang.String,int,java.lang.String)[pri:15, instance:testClasses.ArrayTests@4ddbbdf8]" name="SquaresofaSorted" class="testClasses.ArrayTests"/>
      </group> <!-- positive -->
    </groups>
    <test started-at="2025-05-19T14:30:23 EDT" name="DSAlgo Tests" finished-at="2025-05-19T14:39:17 EDT" duration-ms="534096">
      <class name="testClasses.QueueTests">
        <test-method is-config="true" signature="startTest(java.lang.reflect.Method)[pri:0, instance:testClasses.QueueTests@41294f8]" started-at="2025-05-19T14:30:23 EDT" name="startTest" finished-at="2025-05-19T14:30:29 EDT" duration-ms="5644" status="PASS">
          <params>
            <param index="0">
              <value>
                <![CDATA[public void testClasses.QueueTests.testUserSignIn() throws java.lang.Exception]]>
              </value>
            </param>
          </params>
          <reporter-output>
          </reporter-output>
        </test-method> <!-- startTest -->
        <test-method is-config="true" signature="setUp()[pri:0, instance:testClasses.QueueTests@41294f8]" started-at="2025-05-19T14:30:29 EDT" name="setUp" finished-at="2025-05-19T14:30:42 EDT" duration-ms="13333" status="PASS">
          <reporter-output>
          </reporter-output>
        </test-method> <!-- setUp -->
        <test-method signature="testUserSignIn()[pri:1, instance:testClasses.QueueTests@41294f8]" started-at="2025-05-19T14:30:42 EDT" name="testUserSignIn" finished-at="2025-05-19T14:31:03 EDT" duration-ms="21047" status="FAIL">
          <exception class="org.openqa.selenium.TimeoutException">
            <message>
              <![CDATA[Expected condition failed: waiting for element to be clickable: Proxy element for: DefaultElementLocator 'By.xpath: //div[@class='navbar-nav']//a[@href='/login']' (tried for 10 second(s) with 500 milliseconds interval)]]>
            </message>
            <full-stacktrace>
              <![CDATA[org.openqa.selenium.TimeoutException: Expected condition failed: waiting for element to be clickable: Proxy element for: DefaultElementLocator 'By.xpath: //div[@class='navbar-nav']//a[@href='/login']' (tried for 10 second(s) with 500 milliseconds interval)
at org.openqa.selenium.support.ui.WebDriverWait.timeoutException(WebDriverWait.java:84)
at org.openqa.selenium.support.ui.FluentWait.until(FluentWait.java:228)
at dsAlgoPageObjects.HomePageObj.clickSignInLink(HomePageObj.java:186)
at testClasses.QueueTests.testUserSignIn(QueueTests.java:68)
at java.base/jdk.internal.reflect.DirectMethodHandleAccessor.invoke(DirectMethodHandleAccessor.java:103)
at java.base/java.lang.reflect.Method.invoke(Method.java:580)
at org.testng.internal.invokers.MethodInvocationHelper.invokeMethod(MethodInvocationHelper.java:141)
at org.testng.internal.invokers.TestInvoker.invokeMethod(TestInvoker.java:687)
at org.testng.internal.invokers.TestInvoker.invokeTestMethod(TestInvoker.java:230)
at org.testng.internal.invokers.MethodRunner.runInSequence(MethodRunner.java:63)
at org.testng.internal.invokers.TestInvoker$MethodInvocationAgent.invoke(TestInvoker.java:995)
at org.testng.internal.invokers.TestInvoker.invokeTestMethods(TestInvoker.java:203)
at org.testng.internal.invokers.TestMethodWorker.invokeTestMethods(TestMethodWorker.java:154)
at org.testng.internal.invokers.TestMethodWorker.run(TestMethodWorker.java:134)
at java.base/java.util.concurrent.Executors$RunnableAdapter.call(Executors.java:572)
at java.base/java.util.concurrent.FutureTask.run(FutureTask.java:317)
at org.testng.internal.thread.graph.TestNGFutureTask.run(TestNGFutureTask.java:22)
at java.base/java.util.concurrent.ThreadPoolExecutor.runWorker(ThreadPoolExecutor.java:1144)
at java.base/java.util.concurrent.ThreadPoolExecutor$Worker.run(ThreadPoolExecutor.java:642)
at java.base/java.lang.Thread.run(Thread.java:1575)
Caused by: org.openqa.selenium.NoSuchElementException: no such element: Unable to locate element: {"method":"xpath","selector":"//div[@class='navbar-nav']//a[@href='/login']"}
  (Session info: chrome=136.0.7103.114)
For documentation on this error, please visit: https://www.selenium.dev/documentation/webdriver/troubleshooting/errors#no-such-element-exception
Build info: version: '4.20.0', revision: '866c76ca80'
System info: os.name: 'Mac OS X', os.arch: 'x86_64', os.version: '15.1.1', java.version: '23.0.1'
Driver info: org.openqa.selenium.chrome.ChromeDriver
Command: [acb6ab661ce46c8ce826b7ad2852fd10, findElement {using=xpath, value=//div[@class='navbar-nav']//a[@href='/login']}]
Capabilities {acceptInsecureCerts: false, browserName: chrome, browserVersion: 136.0.7103.114, chrome: {chromedriverVersion: 136.0.7103.94 (fa0be0b33deb..., userDataDir: /var/folders/49/t7zfzxpj60s...}, fedcm:accounts: true, goog:chromeOptions: {debuggerAddress: localhost:60931}, networkConnectionEnabled: false, pageLoadStrategy: normal, platformName: mac, proxy: Proxy(), se:cdp: ws://localhost:60931/devtoo..., se:cdpVersion: 136.0.7103.114, setWindowRect: true, strictFileInteractability: false, timeouts: {implicit: 0, pageLoad: 300000, script: 30000}, unhandledPromptBehavior: dismiss and notify, webauthn:extension:credBlob: true, webauthn:extension:largeBlob: true, webauthn:extension:minPinLength: true, webauthn:extension:prf: true, webauthn:virtualAuthenticators: true}
Session ID: acb6ab661ce46c8ce826b7ad2852fd10
at java.base/jdk.internal.reflect.DirectConstructorHandleAccessor.newInstance(DirectConstructorHandleAccessor.java:62)
at java.base/java.lang.reflect.Constructor.newInstanceWithCaller(Constructor.java:501)
at java.base/java.lang.reflect.Constructor.newInstance(Constructor.java:485)
at org.openqa.selenium.remote.ErrorCodec.decode(ErrorCodec.java:167)
at org.openqa.selenium.remote.codec.w3c.W3CHttpResponseCodec.decode(W3CHttpResponseCodec.java:138)
at org.openqa.selenium.remote.codec.w3c.W3CHttpResponseCodec.decode(W3CHttpResponseCodec.java:50)
at org.openqa.selenium.remote.HttpCommandExecutor.execute(HttpCommandExecutor.java:190)
at org.openqa.selenium.remote.service.DriverCommandExecutor.invokeExecute(DriverCommandExecutor.java:216)
at org.openqa.selenium.remote.service.DriverCommandExecutor.execute(DriverCommandExecutor.java:174)
at org.openqa.selenium.remote.RemoteWebDriver.execute(RemoteWebDriver.java:518)
at org.openqa.selenium.remote.ElementLocation$ElementFinder$2.findElement(ElementLocation.java:165)
at org.openqa.selenium.remote.ElementLocation.findElement(ElementLocation.java:59)
at org.openqa.selenium.remote.RemoteWebDriver.findElement(RemoteWebDriver.java:355)
at org.openqa.selenium.remote.RemoteWebDriver.findElement(RemoteWebDriver.java:349)
at org.openqa.selenium.support.pagefactory.DefaultElementLocator.findElement(DefaultElementLocator.java:68)
at org.openqa.selenium.support.pagefactory.internal.LocatingElementHandler.invoke(LocatingElementHandler.java:38)
at jdk.proxy2/jdk.proxy2.$Proxy17.isDisplayed(Unknown Source)
at org.openqa.selenium.support.ui.ExpectedConditions.elementIfVisible(ExpectedConditions.java:304)
at org.openqa.selenium.support.ui.ExpectedConditions$10.apply(ExpectedConditions.java:290)
at org.openqa.selenium.support.ui.ExpectedConditions$10.apply(ExpectedConditions.java:287)
at org.openqa.selenium.support.ui.ExpectedConditions$23.apply(ExpectedConditions.java:656)
at org.openqa.selenium.support.ui.ExpectedConditions$23.apply(ExpectedConditions.java:652)
at org.openqa.selenium.support.ui.FluentWait.until(FluentWait.java:203)
... 18 more
]]>
            </full-stacktrace>
          </exception> <!-- org.openqa.selenium.TimeoutException -->
          <reporter-output>
          </reporter-output>
        </test-method> <!-- testUserSignIn -->
        <test-method is-config="true" signature="tearDown()[pri:0, instance:testClasses.QueueTests@41294f8]" started-at="2025-05-19T14:31:03 EDT" name="tearDown" finished-at="2025-05-19T14:31:03 EDT" duration-ms="185" status="PASS">
          <reporter-output>
          </reporter-output>
        </test-method> <!-- tearDown -->
        <test-method is-config="true" signature="screenShot(org.testng.ITestResult)[pri:0, instance:testClasses.QueueTests@41294f8]" started-at="2025-05-19T14:31:03 EDT" name="screenShot" finished-at="2025-05-19T14:31:03 EDT" duration-ms="0" status="PASS">
          <params>
            <param index="0">
              <value>
                <![CDATA[[TestResult name=testUserSignIn status=FAILURE method=QueueTests.testUserSignIn()[pri:1, instance:testClasses.QueueTests@41294f8] output={null}]]]>
              </value>
            </param>
          </params>
          <reporter-output>
          </reporter-output>
        </test-method> <!-- screenShot -->
        <test-method is-config="true" signature="startTest(java.lang.reflect.Method)[pri:0, instance:testClasses.QueueTests@41294f8]" started-at="2025-05-19T14:31:03 EDT" name="startTest" finished-at="2025-05-19T14:31:07 EDT" duration-ms="3735" status="PASS">
          <params>
            <param index="0">
              <value>
                <![CDATA[public void testClasses.QueueTests.testNavigateToImplementationofQueueinPythonPage()]]>
              </value>
            </param>
          </params>
          <reporter-output>
          </reporter-output>
        </test-method> <!-- startTest -->
        <test-method is-config="true" signature="setUp()[pri:0, instance:testClasses.QueueTests@41294f8]" started-at="2025-05-19T14:31:07 EDT" name="setUp" finished-at="2025-05-19T14:31:11 EDT" duration-ms="3514" status="PASS">
          <reporter-output>
          </reporter-output>
        </test-method> <!-- setUp -->
        <test-method signature="testNavigateToImplementationofQueueinPythonPage()[pri:2, instance:testClasses.QueueTests@41294f8]" started-at="2025-05-19T14:31:11 EDT" name="testNavigateToImplementationofQueueinPythonPage" finished-at="2025-05-19T14:31:11 EDT" duration-ms="394" status="PASS">
          <reporter-output>
          </reporter-output>
        </test-method> <!-- testNavigateToImplementationofQueueinPythonPage -->
        <test-method is-config="true" signature="tearDown()[pri:0, instance:testClasses.QueueTests@41294f8]" started-at="2025-05-19T14:31:11 EDT" name="tearDown" finished-at="2025-05-19T14:31:11 EDT" duration-ms="131" status="PASS">
          <reporter-output>
          </reporter-output>
        </test-method> <!-- tearDown -->
        <test-method is-config="true" signature="screenShot(org.testng.ITestResult)[pri:0, instance:testClasses.QueueTests@41294f8]" started-at="2025-05-19T14:31:11 EDT" name="screenShot" finished-at="2025-05-19T14:31:11 EDT" duration-ms="1" status="PASS">
          <params>
            <param index="0">
              <value>
                <![CDATA[[TestResult name=testNavigateToImplementationofQueueinPythonPage status=SUCCESS method=QueueTests.testNavigateToImplementationofQueueinPythonPage()[pri:2, instance:testClasses.QueueTests@41294f8] output={null}]]]>
              </value>
            </param>
          </params>
          <reporter-output>
          </reporter-output>
        </test-method> <!-- screenShot -->
        <test-method is-config="true" signature="startTest(java.lang.reflect.Method)[pri:0, instance:testClasses.QueueTests@41294f8]" started-at="2025-05-19T14:31:11 EDT" name="startTest" finished-at="2025-05-19T14:31:18 EDT" duration-ms="6885" status="PASS">
          <params>
            <param index="0">
              <value>
                <![CDATA[public void testClasses.QueueTests.testImplementationofQueueinPythonPageNavigation()]]>
              </value>
            </param>
          </params>
          <reporter-output>
          </reporter-output>
        </test-method> <!-- startTest -->
        <test-method is-config="true" signature="setUp()[pri:0, instance:testClasses.QueueTests@41294f8]" started-at="2025-05-19T14:31:18 EDT" name="setUp" finished-at="2025-05-19T14:31:22 EDT" duration-ms="3526" status="PASS">
          <reporter-output>
          </reporter-output>
        </test-method> <!-- setUp -->
        <test-method signature="testImplementationofQueueinPythonPageNavigation()[pri:3, instance:testClasses.QueueTests@41294f8]" started-at="2025-05-19T14:31:22 EDT" name="testImplementationofQueueinPythonPageNavigation" finished-at="2025-05-19T14:31:29 EDT" duration-ms="6888" status="PASS">
          <reporter-output>
          </reporter-output>
        </test-method> <!-- testImplementationofQueueinPythonPageNavigation -->
        <test-method is-config="true" signature="tearDown()[pri:0, instance:testClasses.QueueTests@41294f8]" started-at="2025-05-19T14:31:29 EDT" name="tearDown" finished-at="2025-05-19T14:31:29 EDT" duration-ms="323" status="PASS">
          <reporter-output>
          </reporter-output>
        </test-method> <!-- tearDown -->
        <test-method is-config="true" signature="screenShot(org.testng.ITestResult)[pri:0, instance:testClasses.QueueTests@41294f8]" started-at="2025-05-19T14:31:29 EDT" name="screenShot" finished-at="2025-05-19T14:31:29 EDT" duration-ms="1" status="PASS">
          <params>
            <param index="0">
              <value>
                <![CDATA[[TestResult name=testImplementationofQueueinPythonPageNavigation status=SUCCESS method=QueueTests.testImplementationofQueueinPythonPageNavigation()[pri:3, instance:testClasses.QueueTests@41294f8] output={null}]]]>
              </value>
            </param>
          </params>
          <reporter-output>
          </reporter-output>
        </test-method> <!-- screenShot -->
        <test-method is-config="true" signature="startTest(java.lang.reflect.Method)[pri:0, instance:testClasses.QueueTests@41294f8]" started-at="2025-05-19T14:31:29 EDT" name="startTest" finished-at="2025-05-19T14:31:34 EDT" duration-ms="5206" status="PASS">
          <params>
            <param index="0">
              <value>
                <![CDATA[public void testClasses.QueueTests.testTryHereButtonImplementationOfQueueInPython()]]>
              </value>
            </param>
          </params>
          <reporter-output>
          </reporter-output>
        </test-method> <!-- startTest -->
        <test-method is-config="true" signature="setUp()[pri:0, instance:testClasses.QueueTests@41294f8]" started-at="2025-05-19T14:31:34 EDT" name="setUp" finished-at="2025-05-19T14:31:38 EDT" duration-ms="3646" status="PASS">
          <reporter-output>
          </reporter-output>
        </test-method> <!-- setUp -->
        <test-method signature="testTryHereButtonImplementationOfQueueInPython()[pri:4, instance:testClasses.QueueTests@41294f8]" started-at="2025-05-19T14:31:38 EDT" name="testTryHereButtonImplementationOfQueueInPython" finished-at="2025-05-19T14:31:45 EDT" duration-ms="7114" status="PASS">
          <reporter-output>
          </reporter-output>
        </test-method> <!-- testTryHereButtonImplementationOfQueueInPython -->
        <test-method is-config="true" signature="tearDown()[pri:0, instance:testClasses.QueueTests@41294f8]" started-at="2025-05-19T14:31:45 EDT" name="tearDown" finished-at="2025-05-19T14:31:45 EDT" duration-ms="189" status="PASS">
          <reporter-output>
          </reporter-output>
        </test-method> <!-- tearDown -->
        <test-method is-config="true" signature="screenShot(org.testng.ITestResult)[pri:0, instance:testClasses.QueueTests@41294f8]" started-at="2025-05-19T14:31:45 EDT" name="screenShot" finished-at="2025-05-19T14:31:45 EDT" duration-ms="1" status="PASS">
          <params>
            <param index="0">
              <value>
                <![CDATA[[TestResult name=testTryHereButtonImplementationOfQueueInPython status=SUCCESS method=QueueTests.testTryHereButtonImplementationOfQueueInPython()[pri:4, instance:testClasses.QueueTests@41294f8] output={null}]]]>
              </value>
            </param>
          </params>
          <reporter-output>
          </reporter-output>
        </test-method> <!-- screenShot -->
        <test-method is-config="true" signature="startTest(java.lang.reflect.Method)[pri:0, instance:testClasses.QueueTests@41294f8]" started-at="2025-05-19T14:31:45 EDT" name="startTest" finished-at="2025-05-19T14:31:52 EDT" duration-ms="6485" status="PASS">
          <params>
            <param index="0">
              <value>
                <![CDATA[public void testClasses.QueueTests.testInvalidCodeRunImplementationofQueuePythonPage(java.lang.String,int,java.lang.String) throws java.lang.Exception]]>
              </value>
            </param>
          </params>
          <reporter-output>
          </reporter-output>
        </test-method> <!-- startTest -->
        <test-method is-config="true" signature="setUp()[pri:0, instance:testClasses.QueueTests@41294f8]" started-at="2025-05-19T14:31:52 EDT" name="setUp" finished-at="2025-05-19T14:31:58 EDT" duration-ms="6061" status="PASS">
          <reporter-output>
          </reporter-output>
        </test-method> <!-- setUp -->
        <test-method signature="testInvalidCodeRunImplementationofQueuePythonPage(java.lang.String,int,java.lang.String)[pri:5, instance:testClasses.QueueTests@41294f8]" started-at="2025-05-19T14:31:58 EDT" name="testInvalidCodeRunImplementationofQueuePythonPage" data-provider="InvalidPythonCode" finished-at="2025-05-19T14:32:01 EDT" duration-ms="3628" status="PASS">
          <params>
            <param index="0">
              <value>
                <![CDATA[tryEditorCode]]>
              </value>
            </param>
            <param index="1">
              <value>
                <![CDATA[1]]>
              </value>
            </param>
            <param index="2">
              <value>
                <![CDATA[SyntaxError: bad input on line 1]]>
              </value>
            </param>
          </params>
          <reporter-output>
          </reporter-output>
        </test-method> <!-- testInvalidCodeRunImplementationofQueuePythonPage -->
        <test-method is-config="true" signature="tearDown()[pri:0, instance:testClasses.QueueTests@41294f8]" started-at="2025-05-19T14:32:01 EDT" name="tearDown" finished-at="2025-05-19T14:32:01 EDT" duration-ms="230" status="PASS">
          <reporter-output>
          </reporter-output>
        </test-method> <!-- tearDown -->
        <test-method is-config="true" signature="screenShot(org.testng.ITestResult)[pri:0, instance:testClasses.QueueTests@41294f8]" started-at="2025-05-19T14:32:01 EDT" name="screenShot" finished-at="2025-05-19T14:32:01 EDT" duration-ms="1" status="PASS">
          <params>
            <param index="0">
              <value>
                <![CDATA[[TestResult name=testInvalidCodeRunImplementationofQueuePythonPage status=SUCCESS method=QueueTests.testInvalidCodeRunImplementationofQueuePythonPage(java.lang.String,int,java.lang.String)[pri:5, instance:testClasses.QueueTests@41294f8] output={null}]]]>
              </value>
            </param>
          </params>
          <reporter-output>
          </reporter-output>
        </test-method> <!-- screenShot -->
        <test-method is-config="true" signature="startTest(java.lang.reflect.Method)[pri:0, instance:testClasses.QueueTests@41294f8]" started-at="2025-05-19T14:32:01 EDT" name="startTest" finished-at="2025-05-19T14:32:06 EDT" duration-ms="4840" status="PASS">
          <params>
            <param index="0">
              <value>
                <![CDATA[public void testClasses.QueueTests.testValidCodeRunImplementationofQueuePythonPage(java.lang.String,int,java.lang.String) throws java.lang.Exception]]>
              </value>
            </param>
          </params>
          <reporter-output>
          </reporter-output>
        </test-method> <!-- startTest -->
        <test-method is-config="true" signature="setUp()[pri:0, instance:testClasses.QueueTests@41294f8]" started-at="2025-05-19T14:32:06 EDT" name="setUp" finished-at="2025-05-19T14:32:10 EDT" duration-ms="3543" status="PASS">
          <reporter-output>
          </reporter-output>
        </test-method> <!-- setUp -->
        <test-method signature="testValidCodeRunImplementationofQueuePythonPage(java.lang.String,int,java.lang.String)[pri:6, instance:testClasses.QueueTests@41294f8]" started-at="2025-05-19T14:32:10 EDT" name="testValidCodeRunImplementationofQueuePythonPage" data-provider="ValidPythonCode" finished-at="2025-05-19T14:32:12 EDT" duration-ms="2163" status="PASS">
          <params>
            <param index="0">
              <value>
                <![CDATA[tryEditorCode]]>
              </value>
            </param>
            <param index="1">
              <value>
                <![CDATA[0]]>
              </value>
            </param>
            <param index="2">
              <value>
                <![CDATA[Python is fun!]]>
              </value>
            </param>
          </params>
          <reporter-output>
          </reporter-output>
        </test-method> <!-- testValidCodeRunImplementationofQueuePythonPage -->
        <test-method is-config="true" signature="tearDown()[pri:0, instance:testClasses.QueueTests@41294f8]" started-at="2025-05-19T14:32:12 EDT" name="tearDown" finished-at="2025-05-19T14:32:12 EDT" duration-ms="194" status="PASS">
          <reporter-output>
          </reporter-output>
        </test-method> <!-- tearDown -->
        <test-method is-config="true" signature="screenShot(org.testng.ITestResult)[pri:0, instance:testClasses.QueueTests@41294f8]" started-at="2025-05-19T14:32:12 EDT" name="screenShot" finished-at="2025-05-19T14:32:12 EDT" duration-ms="1" status="PASS">
          <params>
            <param index="0">
              <value>
                <![CDATA[[TestResult name=testValidCodeRunImplementationofQueuePythonPage status=SUCCESS method=QueueTests.testValidCodeRunImplementationofQueuePythonPage(java.lang.String,int,java.lang.String)[pri:6, instance:testClasses.QueueTests@41294f8] output={null}]]]>
              </value>
            </param>
          </params>
          <reporter-output>
          </reporter-output>
        </test-method> <!-- screenShot -->
        <test-method is-config="true" signature="startTest(java.lang.reflect.Method)[pri:0, instance:testClasses.QueueTests@41294f8]" started-at="2025-05-19T14:32:12 EDT" name="startTest" finished-at="2025-05-19T14:32:17 EDT" duration-ms="4923" status="PASS">
          <params>
            <param index="0">
              <value>
                <![CDATA[public void testClasses.QueueTests.testPracticeQuestionsLinkImplementaionofQueuePythonPage()]]>
              </value>
            </param>
          </params>
          <reporter-output>
          </reporter-output>
        </test-method> <!-- startTest -->
        <test-method is-config="true" signature="setUp()[pri:0, instance:testClasses.QueueTests@41294f8]" started-at="2025-05-19T14:32:17 EDT" name="setUp" finished-at="2025-05-19T14:32:22 EDT" duration-ms="4977" status="PASS">
          <reporter-output>
          </reporter-output>
        </test-method> <!-- setUp -->
        <test-method signature="testPracticeQuestionsLinkImplementaionofQueuePythonPage()[pri:7, instance:testClasses.QueueTests@41294f8]" started-at="2025-05-19T14:32:22 EDT" name="testPracticeQuestionsLinkImplementaionofQueuePythonPage" finished-at="2025-05-19T14:32:29 EDT" duration-ms="6441" status="PASS">
          <reporter-output>
          </reporter-output>
        </test-method> <!-- testPracticeQuestionsLinkImplementaionofQueuePythonPage -->
        <test-method is-config="true" signature="tearDown()[pri:0, instance:testClasses.QueueTests@41294f8]" started-at="2025-05-19T14:32:29 EDT" name="tearDown" finished-at="2025-05-19T14:32:29 EDT" duration-ms="206" status="PASS">
          <reporter-output>
          </reporter-output>
        </test-method> <!-- tearDown -->
        <test-method is-config="true" signature="screenShot(org.testng.ITestResult)[pri:0, instance:testClasses.QueueTests@41294f8]" started-at="2025-05-19T14:32:29 EDT" name="screenShot" finished-at="2025-05-19T14:32:29 EDT" duration-ms="0" status="PASS">
          <params>
            <param index="0">
              <value>
                <![CDATA[[TestResult name=testPracticeQuestionsLinkImplementaionofQueuePythonPage status=SUCCESS method=QueueTests.testPracticeQuestionsLinkImplementaionofQueuePythonPage()[pri:7, instance:testClasses.QueueTests@41294f8] output={null}]]]>
              </value>
            </param>
          </params>
          <reporter-output>
          </reporter-output>
        </test-method> <!-- screenShot -->
        <test-method is-config="true" signature="startTest(java.lang.reflect.Method)[pri:0, instance:testClasses.QueueTests@41294f8]" started-at="2025-05-19T14:32:29 EDT" name="startTest" finished-at="2025-05-19T14:32:34 EDT" duration-ms="5629" status="PASS">
          <params>
            <param index="0">
              <value>
                <![CDATA[public void testClasses.QueueTests.testNavigateToImplementationusingCollectionsPage()]]>
              </value>
            </param>
          </params>
          <reporter-output>
          </reporter-output>
        </test-method> <!-- startTest -->
        <test-method is-config="true" signature="setUp()[pri:0, instance:testClasses.QueueTests@41294f8]" started-at="2025-05-19T14:32:34 EDT" name="setUp" finished-at="2025-05-19T14:32:45 EDT" duration-ms="10490" status="PASS">
          <reporter-output>
          </reporter-output>
        </test-method> <!-- setUp -->
        <test-method signature="testNavigateToImplementationusingCollectionsPage()[pri:8, instance:testClasses.QueueTests@41294f8]" started-at="2025-05-19T14:32:45 EDT" name="testNavigateToImplementationusingCollectionsPage" finished-at="2025-05-19T14:32:46 EDT" duration-ms="798" status="PASS">
          <reporter-output>
          </reporter-output>
        </test-method> <!-- testNavigateToImplementationusingCollectionsPage -->
        <test-method is-config="true" signature="tearDown()[pri:0, instance:testClasses.QueueTests@41294f8]" started-at="2025-05-19T14:32:46 EDT" name="tearDown" finished-at="2025-05-19T14:32:46 EDT" duration-ms="215" status="PASS">
          <reporter-output>
          </reporter-output>
        </test-method> <!-- tearDown -->
        <test-method is-config="true" signature="screenShot(org.testng.ITestResult)[pri:0, instance:testClasses.QueueTests@41294f8]" started-at="2025-05-19T14:32:46 EDT" name="screenShot" finished-at="2025-05-19T14:32:46 EDT" duration-ms="0" status="PASS">
          <params>
            <param index="0">
              <value>
                <![CDATA[[TestResult name=testNavigateToImplementationusingCollectionsPage status=SUCCESS method=QueueTests.testNavigateToImplementationusingCollectionsPage()[pri:8, instance:testClasses.QueueTests@41294f8] output={null}]]]>
              </value>
            </param>
          </params>
          <reporter-output>
          </reporter-output>
        </test-method> <!-- screenShot -->
        <test-method is-config="true" signature="startTest(java.lang.reflect.Method)[pri:0, instance:testClasses.QueueTests@41294f8]" started-at="2025-05-19T14:32:46 EDT" name="startTest" finished-at="2025-05-19T14:32:50 EDT" duration-ms="4128" status="PASS">
          <params>
            <param index="0">
              <value>
                <![CDATA[public void testClasses.QueueTests.testImplementationusingCollectionsPageNavigation()]]>
              </value>
            </param>
          </params>
          <reporter-output>
          </reporter-output>
        </test-method> <!-- startTest -->
        <test-method is-config="true" signature="setUp()[pri:0, instance:testClasses.QueueTests@41294f8]" started-at="2025-05-19T14:32:50 EDT" name="setUp" finished-at="2025-05-19T14:32:53 EDT" duration-ms="2860" status="PASS">
          <reporter-output>
          </reporter-output>
        </test-method> <!-- setUp -->
        <test-method signature="testImplementationusingCollectionsPageNavigation()[pri:9, instance:testClasses.QueueTests@41294f8]" started-at="2025-05-19T14:32:53 EDT" name="testImplementationusingCollectionsPageNavigation" finished-at="2025-05-19T14:32:59 EDT" duration-ms="5810" status="PASS">
          <reporter-output>
          </reporter-output>
        </test-method> <!-- testImplementationusingCollectionsPageNavigation -->
        <test-method is-config="true" signature="tearDown()[pri:0, instance:testClasses.QueueTests@41294f8]" started-at="2025-05-19T14:32:59 EDT" name="tearDown" finished-at="2025-05-19T14:32:59 EDT" duration-ms="210" status="PASS">
          <reporter-output>
          </reporter-output>
        </test-method> <!-- tearDown -->
        <test-method is-config="true" signature="screenShot(org.testng.ITestResult)[pri:0, instance:testClasses.QueueTests@41294f8]" started-at="2025-05-19T14:32:59 EDT" name="screenShot" finished-at="2025-05-19T14:32:59 EDT" duration-ms="1" status="PASS">
          <params>
            <param index="0">
              <value>
                <![CDATA[[TestResult name=testImplementationusingCollectionsPageNavigation status=SUCCESS method=QueueTests.testImplementationusingCollectionsPageNavigation()[pri:9, instance:testClasses.QueueTests@41294f8] output={null}]]]>
              </value>
            </param>
          </params>
          <reporter-output>
          </reporter-output>
        </test-method> <!-- screenShot -->
        <test-method is-config="true" signature="startTest(java.lang.reflect.Method)[pri:0, instance:testClasses.QueueTests@41294f8]" started-at="2025-05-19T14:32:59 EDT" name="startTest" finished-at="2025-05-19T14:33:02 EDT" duration-ms="3361" status="PASS">
          <params>
            <param index="0">
              <value>
                <![CDATA[public void testClasses.QueueTests.testTryHereButtonImplementationusingCollections()]]>
              </value>
            </param>
          </params>
          <reporter-output>
          </reporter-output>
        </test-method> <!-- startTest -->
        <test-method is-config="true" signature="setUp()[pri:0, instance:testClasses.QueueTests@41294f8]" started-at="2025-05-19T14:33:02 EDT" name="setUp" finished-at="2025-05-19T14:33:05 EDT" duration-ms="3105" status="PASS">
          <reporter-output>
          </reporter-output>
        </test-method> <!-- setUp -->
        <test-method signature="testTryHereButtonImplementationusingCollections()[pri:10, instance:testClasses.QueueTests@41294f8]" started-at="2025-05-19T14:33:05 EDT" name="testTryHereButtonImplementationusingCollections" finished-at="2025-05-19T14:33:12 EDT" duration-ms="7043" status="PASS">
          <reporter-output>
          </reporter-output>
        </test-method> <!-- testTryHereButtonImplementationusingCollections -->
        <test-method is-config="true" signature="tearDown()[pri:0, instance:testClasses.QueueTests@41294f8]" started-at="2025-05-19T14:33:12 EDT" name="tearDown" finished-at="2025-05-19T14:33:13 EDT" duration-ms="182" status="PASS">
          <reporter-output>
          </reporter-output>
        </test-method> <!-- tearDown -->
        <test-method is-config="true" signature="screenShot(org.testng.ITestResult)[pri:0, instance:testClasses.QueueTests@41294f8]" started-at="2025-05-19T14:33:13 EDT" name="screenShot" finished-at="2025-05-19T14:33:13 EDT" duration-ms="1" status="PASS">
          <params>
            <param index="0">
              <value>
                <![CDATA[[TestResult name=testTryHereButtonImplementationusingCollections status=SUCCESS method=QueueTests.testTryHereButtonImplementationusingCollections()[pri:10, instance:testClasses.QueueTests@41294f8] output={null}]]]>
              </value>
            </param>
          </params>
          <reporter-output>
          </reporter-output>
        </test-method> <!-- screenShot -->
        <test-method is-config="true" signature="startTest(java.lang.reflect.Method)[pri:0, instance:testClasses.QueueTests@41294f8]" started-at="2025-05-19T14:33:13 EDT" name="startTest" finished-at="2025-05-19T14:33:16 EDT" duration-ms="3195" status="PASS">
          <params>
            <param index="0">
              <value>
                <![CDATA[public void testClasses.QueueTests.testInvalidCodeRunImplementationusingCollectionsPage(java.lang.String,int,java.lang.String) throws java.lang.Exception]]>
              </value>
            </param>
          </params>
          <reporter-output>
          </reporter-output>
        </test-method> <!-- startTest -->
        <test-method is-config="true" signature="setUp()[pri:0, instance:testClasses.QueueTests@41294f8]" started-at="2025-05-19T14:33:16 EDT" name="setUp" finished-at="2025-05-19T14:33:19 EDT" duration-ms="2972" status="PASS">
          <reporter-output>
          </reporter-output>
        </test-method> <!-- setUp -->
        <test-method signature="testInvalidCodeRunImplementationusingCollectionsPage(java.lang.String,int,java.lang.String)[pri:11, instance:testClasses.QueueTests@41294f8]" started-at="2025-05-19T14:33:19 EDT" name="testInvalidCodeRunImplementationusingCollectionsPage" data-provider="InvalidPythonCode" finished-at="2025-05-19T14:33:21 EDT" duration-ms="1973" status="PASS">
          <params>
            <param index="0">
              <value>
                <![CDATA[tryEditorCode]]>
              </value>
            </param>
            <param index="1">
              <value>
                <![CDATA[1]]>
              </value>
            </param>
            <param index="2">
              <value>
                <![CDATA[SyntaxError: bad input on line 1]]>
              </value>
            </param>
          </params>
          <reporter-output>
          </reporter-output>
        </test-method> <!-- testInvalidCodeRunImplementationusingCollectionsPage -->
        <test-method is-config="true" signature="tearDown()[pri:0, instance:testClasses.QueueTests@41294f8]" started-at="2025-05-19T14:33:21 EDT" name="tearDown" finished-at="2025-05-19T14:33:21 EDT" duration-ms="157" status="PASS">
          <reporter-output>
          </reporter-output>
        </test-method> <!-- tearDown -->
        <test-method is-config="true" signature="screenShot(org.testng.ITestResult)[pri:0, instance:testClasses.QueueTests@41294f8]" started-at="2025-05-19T14:33:21 EDT" name="screenShot" finished-at="2025-05-19T14:33:21 EDT" duration-ms="0" status="PASS">
          <params>
            <param index="0">
              <value>
                <![CDATA[[TestResult name=testInvalidCodeRunImplementationusingCollectionsPage status=SUCCESS method=QueueTests.testInvalidCodeRunImplementationusingCollectionsPage(java.lang.String,int,java.lang.String)[pri:11, instance:testClasses.QueueTests@41294f8] output={null}]]]>
              </value>
            </param>
          </params>
          <reporter-output>
          </reporter-output>
        </test-method> <!-- screenShot -->
        <test-method is-config="true" signature="startTest(java.lang.reflect.Method)[pri:0, instance:testClasses.QueueTests@41294f8]" started-at="2025-05-19T14:33:21 EDT" name="startTest" finished-at="2025-05-19T14:33:24 EDT" duration-ms="2610" status="PASS">
          <params>
            <param index="0">
              <value>
                <![CDATA[public void testClasses.QueueTests.testValidCodeRunImplementationusingCollectionsPage(java.lang.String,int,java.lang.String) throws java.lang.Exception]]>
              </value>
            </param>
          </params>
          <reporter-output>
          </reporter-output>
        </test-method> <!-- startTest -->
        <test-method is-config="true" signature="setUp()[pri:0, instance:testClasses.QueueTests@41294f8]" started-at="2025-05-19T14:33:24 EDT" name="setUp" finished-at="2025-05-19T14:33:28 EDT" duration-ms="4314" status="PASS">
          <reporter-output>
          </reporter-output>
        </test-method> <!-- setUp -->
        <test-method signature="testValidCodeRunImplementationusingCollectionsPage(java.lang.String,int,java.lang.String)[pri:12, instance:testClasses.QueueTests@41294f8]" started-at="2025-05-19T14:33:28 EDT" name="testValidCodeRunImplementationusingCollectionsPage" data-provider="ValidPythonCode" finished-at="2025-05-19T14:33:30 EDT" duration-ms="2036" status="PASS">
          <params>
            <param index="0">
              <value>
                <![CDATA[tryEditorCode]]>
              </value>
            </param>
            <param index="1">
              <value>
                <![CDATA[0]]>
              </value>
            </param>
            <param index="2">
              <value>
                <![CDATA[Python is fun!]]>
              </value>
            </param>
          </params>
          <reporter-output>
          </reporter-output>
        </test-method> <!-- testValidCodeRunImplementationusingCollectionsPage -->
        <test-method is-config="true" signature="tearDown()[pri:0, instance:testClasses.QueueTests@41294f8]" started-at="2025-05-19T14:33:30 EDT" name="tearDown" finished-at="2025-05-19T14:33:30 EDT" duration-ms="172" status="PASS">
          <reporter-output>
          </reporter-output>
        </test-method> <!-- tearDown -->
        <test-method is-config="true" signature="screenShot(org.testng.ITestResult)[pri:0, instance:testClasses.QueueTests@41294f8]" started-at="2025-05-19T14:33:30 EDT" name="screenShot" finished-at="2025-05-19T14:33:30 EDT" duration-ms="1" status="PASS">
          <params>
            <param index="0">
              <value>
                <![CDATA[[TestResult name=testValidCodeRunImplementationusingCollectionsPage status=SUCCESS method=QueueTests.testValidCodeRunImplementationusingCollectionsPage(java.lang.String,int,java.lang.String)[pri:12, instance:testClasses.QueueTests@41294f8] output={null}]]]>
              </value>
            </param>
          </params>
          <reporter-output>
          </reporter-output>
        </test-method> <!-- screenShot -->
        <test-method is-config="true" signature="startTest(java.lang.reflect.Method)[pri:0, instance:testClasses.QueueTests@41294f8]" started-at="2025-05-19T14:33:30 EDT" name="startTest" finished-at="2025-05-19T14:33:34 EDT" duration-ms="3481" status="PASS">
          <params>
            <param index="0">
              <value>
                <![CDATA[public void testClasses.QueueTests.testPracticeQuestionsLinkImplementaionusingCollectionsPage()]]>
              </value>
            </param>
          </params>
          <reporter-output>
          </reporter-output>
        </test-method> <!-- startTest -->
        <test-method is-config="true" signature="setUp()[pri:0, instance:testClasses.QueueTests@41294f8]" started-at="2025-05-19T14:33:34 EDT" name="setUp" finished-at="2025-05-19T14:33:45 EDT" duration-ms="11259" status="PASS">
          <reporter-output>
          </reporter-output>
        </test-method> <!-- setUp -->
        <test-method signature="testPracticeQuestionsLinkImplementaionusingCollectionsPage()[pri:13, instance:testClasses.QueueTests@41294f8]" started-at="2025-05-19T14:33:45 EDT" name="testPracticeQuestionsLinkImplementaionusingCollectionsPage" finished-at="2025-05-19T14:33:46 EDT" duration-ms="1108" status="PASS">
          <reporter-output>
          </reporter-output>
        </test-method> <!-- testPracticeQuestionsLinkImplementaionusingCollectionsPage -->
        <test-method is-config="true" signature="tearDown()[pri:0, instance:testClasses.QueueTests@41294f8]" started-at="2025-05-19T14:33:46 EDT" name="tearDown" finished-at="2025-05-19T14:33:46 EDT" duration-ms="124" status="PASS">
          <reporter-output>
          </reporter-output>
        </test-method> <!-- tearDown -->
        <test-method is-config="true" signature="screenShot(org.testng.ITestResult)[pri:0, instance:testClasses.QueueTests@41294f8]" started-at="2025-05-19T14:33:46 EDT" name="screenShot" finished-at="2025-05-19T14:33:46 EDT" duration-ms="1" status="PASS">
          <params>
            <param index="0">
              <value>
                <![CDATA[[TestResult name=testPracticeQuestionsLinkImplementaionusingCollectionsPage status=SUCCESS method=QueueTests.testPracticeQuestionsLinkImplementaionusingCollectionsPage()[pri:13, instance:testClasses.QueueTests@41294f8] output={null}]]]>
              </value>
            </param>
          </params>
          <reporter-output>
          </reporter-output>
        </test-method> <!-- screenShot -->
        <test-method is-config="true" signature="startTest(java.lang.reflect.Method)[pri:0, instance:testClasses.QueueTests@41294f8]" started-at="2025-05-19T14:33:46 EDT" name="startTest" finished-at="2025-05-19T14:33:49 EDT" duration-ms="3123" status="PASS">
          <params>
            <param index="0">
              <value>
                <![CDATA[public void testClasses.QueueTests.testNavigateToImplementationusingArrayPage()]]>
              </value>
            </param>
          </params>
          <reporter-output>
          </reporter-output>
        </test-method> <!-- startTest -->
        <test-method is-config="true" signature="setUp()[pri:0, instance:testClasses.QueueTests@41294f8]" started-at="2025-05-19T14:33:49 EDT" name="setUp" finished-at="2025-05-19T14:33:54 EDT" duration-ms="4887" status="PASS">
          <reporter-output>
          </reporter-output>
        </test-method> <!-- setUp -->
        <test-method signature="testNavigateToImplementationusingArrayPage()[pri:14, instance:testClasses.QueueTests@41294f8]" started-at="2025-05-19T14:33:54 EDT" name="testNavigateToImplementationusingArrayPage" finished-at="2025-05-19T14:33:59 EDT" duration-ms="5291" status="PASS">
          <reporter-output>
          </reporter-output>
        </test-method> <!-- testNavigateToImplementationusingArrayPage -->
        <test-method is-config="true" signature="tearDown()[pri:0, instance:testClasses.QueueTests@41294f8]" started-at="2025-05-19T14:33:59 EDT" name="tearDown" finished-at="2025-05-19T14:34:00 EDT" duration-ms="164" status="PASS">
          <reporter-output>
          </reporter-output>
        </test-method> <!-- tearDown -->
        <test-method is-config="true" signature="screenShot(org.testng.ITestResult)[pri:0, instance:testClasses.QueueTests@41294f8]" started-at="2025-05-19T14:34:00 EDT" name="screenShot" finished-at="2025-05-19T14:34:00 EDT" duration-ms="0" status="PASS">
          <params>
            <param index="0">
              <value>
                <![CDATA[[TestResult name=testNavigateToImplementationusingArrayPage status=SUCCESS method=QueueTests.testNavigateToImplementationusingArrayPage()[pri:14, instance:testClasses.QueueTests@41294f8] output={null}]]]>
              </value>
            </param>
          </params>
          <reporter-output>
          </reporter-output>
        </test-method> <!-- screenShot -->
        <test-method is-config="true" signature="startTest(java.lang.reflect.Method)[pri:0, instance:testClasses.QueueTests@41294f8]" started-at="2025-05-19T14:34:00 EDT" name="startTest" finished-at="2025-05-19T14:34:02 EDT" duration-ms="2733" status="PASS">
          <params>
            <param index="0">
              <value>
                <![CDATA[public void testClasses.QueueTests.testImplementationusingArrayPageNavigation()]]>
              </value>
            </param>
          </params>
          <reporter-output>
          </reporter-output>
        </test-method> <!-- startTest -->
        <test-method is-config="true" signature="setUp()[pri:0, instance:testClasses.QueueTests@41294f8]" started-at="2025-05-19T14:34:02 EDT" name="setUp" finished-at="2025-05-19T14:34:06 EDT" duration-ms="3753" status="PASS">
          <reporter-output>
          </reporter-output>
        </test-method> <!-- setUp -->
        <test-method signature="testImplementationusingArrayPageNavigation()[pri:15, instance:testClasses.QueueTests@41294f8]" started-at="2025-05-19T14:34:06 EDT" name="testImplementationusingArrayPageNavigation" finished-at="2025-05-19T14:34:07 EDT" duration-ms="885" status="PASS">
          <reporter-output>
          </reporter-output>
        </test-method> <!-- testImplementationusingArrayPageNavigation -->
        <test-method is-config="true" signature="tearDown()[pri:0, instance:testClasses.QueueTests@41294f8]" started-at="2025-05-19T14:34:07 EDT" name="tearDown" finished-at="2025-05-19T14:34:07 EDT" duration-ms="181" status="PASS">
          <reporter-output>
          </reporter-output>
        </test-method> <!-- tearDown -->
        <test-method is-config="true" signature="screenShot(org.testng.ITestResult)[pri:0, instance:testClasses.QueueTests@41294f8]" started-at="2025-05-19T14:34:07 EDT" name="screenShot" finished-at="2025-05-19T14:34:07 EDT" duration-ms="1" status="PASS">
          <params>
            <param index="0">
              <value>
                <![CDATA[[TestResult name=testImplementationusingArrayPageNavigation status=SUCCESS method=QueueTests.testImplementationusingArrayPageNavigation()[pri:15, instance:testClasses.QueueTests@41294f8] output={null}]]]>
              </value>
            </param>
          </params>
          <reporter-output>
          </reporter-output>
        </test-method> <!-- screenShot -->
        <test-method is-config="true" signature="startTest(java.lang.reflect.Method)[pri:0, instance:testClasses.QueueTests@41294f8]" started-at="2025-05-19T14:34:07 EDT" name="startTest" finished-at="2025-05-19T14:34:09 EDT" duration-ms="2296" status="PASS">
          <params>
            <param index="0">
              <value>
                <![CDATA[public void testClasses.QueueTests.testTryHereButtonImplementationusingArray()]]>
              </value>
            </param>
          </params>
          <reporter-output>
          </reporter-output>
        </test-method> <!-- startTest -->
        <test-method is-config="true" signature="setUp()[pri:0, instance:testClasses.QueueTests@41294f8]" started-at="2025-05-19T14:34:09 EDT" name="setUp" finished-at="2025-05-19T14:34:14 EDT" duration-ms="4401" status="PASS">
          <reporter-output>
          </reporter-output>
        </test-method> <!-- setUp -->
        <test-method signature="testTryHereButtonImplementationusingArray()[pri:16, instance:testClasses.QueueTests@41294f8]" started-at="2025-05-19T14:34:14 EDT" name="testTryHereButtonImplementationusingArray" finished-at="2025-05-19T14:34:21 EDT" duration-ms="6702" status="PASS">
          <reporter-output>
          </reporter-output>
        </test-method> <!-- testTryHereButtonImplementationusingArray -->
        <test-method is-config="true" signature="tearDown()[pri:0, instance:testClasses.QueueTests@41294f8]" started-at="2025-05-19T14:34:21 EDT" name="tearDown" finished-at="2025-05-19T14:34:21 EDT" duration-ms="321" status="PASS">
          <reporter-output>
          </reporter-output>
        </test-method> <!-- tearDown -->
        <test-method is-config="true" signature="screenShot(org.testng.ITestResult)[pri:0, instance:testClasses.QueueTests@41294f8]" started-at="2025-05-19T14:34:21 EDT" name="screenShot" finished-at="2025-05-19T14:34:21 EDT" duration-ms="0" status="PASS">
          <params>
            <param index="0">
              <value>
                <![CDATA[[TestResult name=testTryHereButtonImplementationusingArray status=SUCCESS method=QueueTests.testTryHereButtonImplementationusingArray()[pri:16, instance:testClasses.QueueTests@41294f8] output={null}]]]>
              </value>
            </param>
          </params>
          <reporter-output>
          </reporter-output>
        </test-method> <!-- screenShot -->
        <test-method is-config="true" signature="startTest(java.lang.reflect.Method)[pri:0, instance:testClasses.QueueTests@41294f8]" started-at="2025-05-19T14:34:21 EDT" name="startTest" finished-at="2025-05-19T14:34:24 EDT" duration-ms="2812" status="PASS">
          <params>
            <param index="0">
              <value>
                <![CDATA[public void testClasses.QueueTests.testInvalidCodeRunImplementationusingArrayPage(java.lang.String,int,java.lang.String) throws java.lang.Exception]]>
              </value>
            </param>
          </params>
          <reporter-output>
          </reporter-output>
        </test-method> <!-- startTest -->
        <test-method is-config="true" signature="setUp()[pri:0, instance:testClasses.QueueTests@41294f8]" started-at="2025-05-19T14:34:24 EDT" name="setUp" finished-at="2025-05-19T14:34:28 EDT" duration-ms="4265" status="PASS">
          <reporter-output>
          </reporter-output>
        </test-method> <!-- setUp -->
        <test-method signature="testInvalidCodeRunImplementationusingArrayPage(java.lang.String,int,java.lang.String)[pri:17, instance:testClasses.QueueTests@41294f8]" started-at="2025-05-19T14:34:28 EDT" name="testInvalidCodeRunImplementationusingArrayPage" data-provider="InvalidPythonCode" finished-at="2025-05-19T14:34:36 EDT" duration-ms="7627" status="PASS">
          <params>
            <param index="0">
              <value>
                <![CDATA[tryEditorCode]]>
              </value>
            </param>
            <param index="1">
              <value>
                <![CDATA[1]]>
              </value>
            </param>
            <param index="2">
              <value>
                <![CDATA[SyntaxError: bad input on line 1]]>
              </value>
            </param>
          </params>
          <reporter-output>
          </reporter-output>
        </test-method> <!-- testInvalidCodeRunImplementationusingArrayPage -->
        <test-method is-config="true" signature="tearDown()[pri:0, instance:testClasses.QueueTests@41294f8]" started-at="2025-05-19T14:34:36 EDT" name="tearDown" finished-at="2025-05-19T14:34:36 EDT" duration-ms="258" status="PASS">
          <reporter-output>
          </reporter-output>
        </test-method> <!-- tearDown -->
        <test-method is-config="true" signature="screenShot(org.testng.ITestResult)[pri:0, instance:testClasses.QueueTests@41294f8]" started-at="2025-05-19T14:34:36 EDT" name="screenShot" finished-at="2025-05-19T14:34:36 EDT" duration-ms="1" status="PASS">
          <params>
            <param index="0">
              <value>
                <![CDATA[[TestResult name=testInvalidCodeRunImplementationusingArrayPage status=SUCCESS method=QueueTests.testInvalidCodeRunImplementationusingArrayPage(java.lang.String,int,java.lang.String)[pri:17, instance:testClasses.QueueTests@41294f8] output={null}]]]>
              </value>
            </param>
          </params>
          <reporter-output>
          </reporter-output>
        </test-method> <!-- screenShot -->
        <test-method is-config="true" signature="startTest(java.lang.reflect.Method)[pri:0, instance:testClasses.QueueTests@41294f8]" started-at="2025-05-19T14:34:36 EDT" name="startTest" finished-at="2025-05-19T14:34:39 EDT" duration-ms="2859" status="PASS">
          <params>
            <param index="0">
              <value>
                <![CDATA[public void testClasses.QueueTests.testValidCodeRunImplementationusingArrayPage(java.lang.String,int,java.lang.String) throws java.lang.Exception]]>
              </value>
            </param>
          </params>
          <reporter-output>
          </reporter-output>
        </test-method> <!-- startTest -->
        <test-method is-config="true" signature="setUp()[pri:0, instance:testClasses.QueueTests@41294f8]" started-at="2025-05-19T14:34:39 EDT" name="setUp" finished-at="2025-05-19T14:34:43 EDT" duration-ms="4340" status="PASS">
          <reporter-output>
          </reporter-output>
        </test-method> <!-- setUp -->
        <test-method signature="testValidCodeRunImplementationusingArrayPage(java.lang.String,int,java.lang.String)[pri:18, instance:testClasses.QueueTests@41294f8]" started-at="2025-05-19T14:34:43 EDT" name="testValidCodeRunImplementationusingArrayPage" data-provider="ValidPythonCode" finished-at="2025-05-19T14:34:50 EDT" duration-ms="6931" status="PASS">
          <params>
            <param index="0">
              <value>
                <![CDATA[tryEditorCode]]>
              </value>
            </param>
            <param index="1">
              <value>
                <![CDATA[0]]>
              </value>
            </param>
            <param index="2">
              <value>
                <![CDATA[Python is fun!]]>
              </value>
            </param>
          </params>
          <reporter-output>
          </reporter-output>
        </test-method> <!-- testValidCodeRunImplementationusingArrayPage -->
        <test-method is-config="true" signature="tearDown()[pri:0, instance:testClasses.QueueTests@41294f8]" started-at="2025-05-19T14:34:50 EDT" name="tearDown" finished-at="2025-05-19T14:34:50 EDT" duration-ms="192" status="PASS">
          <reporter-output>
          </reporter-output>
        </test-method> <!-- tearDown -->
        <test-method is-config="true" signature="screenShot(org.testng.ITestResult)[pri:0, instance:testClasses.QueueTests@41294f8]" started-at="2025-05-19T14:34:50 EDT" name="screenShot" finished-at="2025-05-19T14:34:50 EDT" duration-ms="0" status="PASS">
          <params>
            <param index="0">
              <value>
                <![CDATA[[TestResult name=testValidCodeRunImplementationusingArrayPage status=SUCCESS method=QueueTests.testValidCodeRunImplementationusingArrayPage(java.lang.String,int,java.lang.String)[pri:18, instance:testClasses.QueueTests@41294f8] output={null}]]]>
              </value>
            </param>
          </params>
          <reporter-output>
          </reporter-output>
        </test-method> <!-- screenShot -->
        <test-method is-config="true" signature="startTest(java.lang.reflect.Method)[pri:0, instance:testClasses.QueueTests@41294f8]" started-at="2025-05-19T14:34:50 EDT" name="startTest" finished-at="2025-05-19T14:34:53 EDT" duration-ms="2482" status="PASS">
          <params>
            <param index="0">
              <value>
                <![CDATA[public void testClasses.QueueTests.testPracticeQuestionsLinkImplementaionusingArrayPage()]]>
              </value>
            </param>
          </params>
          <reporter-output>
          </reporter-output>
        </test-method> <!-- startTest -->
        <test-method is-config="true" signature="setUp()[pri:0, instance:testClasses.QueueTests@41294f8]" started-at="2025-05-19T14:34:53 EDT" name="setUp" finished-at="2025-05-19T14:34:56 EDT" duration-ms="3046" status="PASS">
          <reporter-output>
          </reporter-output>
        </test-method> <!-- setUp -->
        <test-method signature="testPracticeQuestionsLinkImplementaionusingArrayPage()[pri:19, instance:testClasses.QueueTests@41294f8]" started-at="2025-05-19T14:34:56 EDT" name="testPracticeQuestionsLinkImplementaionusingArrayPage" finished-at="2025-05-19T14:34:57 EDT" duration-ms="871" status="PASS">
          <reporter-output>
          </reporter-output>
        </test-method> <!-- testPracticeQuestionsLinkImplementaionusingArrayPage -->
        <test-method is-config="true" signature="tearDown()[pri:0, instance:testClasses.QueueTests@41294f8]" started-at="2025-05-19T14:34:57 EDT" name="tearDown" finished-at="2025-05-19T14:34:57 EDT" duration-ms="124" status="PASS">
          <reporter-output>
          </reporter-output>
        </test-method> <!-- tearDown -->
        <test-method is-config="true" signature="screenShot(org.testng.ITestResult)[pri:0, instance:testClasses.QueueTests@41294f8]" started-at="2025-05-19T14:34:57 EDT" name="screenShot" finished-at="2025-05-19T14:34:57 EDT" duration-ms="0" status="PASS">
          <params>
            <param index="0">
              <value>
                <![CDATA[[TestResult name=testPracticeQuestionsLinkImplementaionusingArrayPage status=SUCCESS method=QueueTests.testPracticeQuestionsLinkImplementaionusingArrayPage()[pri:19, instance:testClasses.QueueTests@41294f8] output={null}]]]>
              </value>
            </param>
          </params>
          <reporter-output>
          </reporter-output>
        </test-method> <!-- screenShot -->
        <test-method is-config="true" signature="startTest(java.lang.reflect.Method)[pri:0, instance:testClasses.QueueTests@41294f8]" started-at="2025-05-19T14:34:57 EDT" name="startTest" finished-at="2025-05-19T14:34:59 EDT" duration-ms="2117" status="PASS">
          <params>
            <param index="0">
              <value>
                <![CDATA[public void testClasses.QueueTests.testNavigateToQueueOperationsPage()]]>
              </value>
            </param>
          </params>
          <reporter-output>
          </reporter-output>
        </test-method> <!-- startTest -->
        <test-method is-config="true" signature="setUp()[pri:0, instance:testClasses.QueueTests@41294f8]" started-at="2025-05-19T14:34:59 EDT" name="setUp" finished-at="2025-05-19T14:35:08 EDT" duration-ms="9243" status="PASS">
          <reporter-output>
          </reporter-output>
        </test-method> <!-- setUp -->
        <test-method signature="testNavigateToQueueOperationsPage()[pri:20, instance:testClasses.QueueTests@41294f8]" started-at="2025-05-19T14:35:08 EDT" name="testNavigateToQueueOperationsPage" finished-at="2025-05-19T14:35:08 EDT" duration-ms="337" status="PASS">
          <reporter-output>
          </reporter-output>
        </test-method> <!-- testNavigateToQueueOperationsPage -->
        <test-method is-config="true" signature="tearDown()[pri:0, instance:testClasses.QueueTests@41294f8]" started-at="2025-05-19T14:35:08 EDT" name="tearDown" finished-at="2025-05-19T14:35:09 EDT" duration-ms="125" status="PASS">
          <reporter-output>
          </reporter-output>
        </test-method> <!-- tearDown -->
        <test-method is-config="true" signature="screenShot(org.testng.ITestResult)[pri:0, instance:testClasses.QueueTests@41294f8]" started-at="2025-05-19T14:35:09 EDT" name="screenShot" finished-at="2025-05-19T14:35:09 EDT" duration-ms="0" status="PASS">
          <params>
            <param index="0">
              <value>
                <![CDATA[[TestResult name=testNavigateToQueueOperationsPage status=SUCCESS method=QueueTests.testNavigateToQueueOperationsPage()[pri:20, instance:testClasses.QueueTests@41294f8] output={null}]]]>
              </value>
            </param>
          </params>
          <reporter-output>
          </reporter-output>
        </test-method> <!-- screenShot -->
        <test-method is-config="true" signature="startTest(java.lang.reflect.Method)[pri:0, instance:testClasses.QueueTests@41294f8]" started-at="2025-05-19T14:35:09 EDT" name="startTest" finished-at="2025-05-19T14:35:11 EDT" duration-ms="2824" status="PASS">
          <params>
            <param index="0">
              <value>
                <![CDATA[public void testClasses.QueueTests.testQueueOperationsPageNavigation()]]>
              </value>
            </param>
          </params>
          <reporter-output>
          </reporter-output>
        </test-method> <!-- startTest -->
        <test-method is-config="true" signature="setUp()[pri:0, instance:testClasses.QueueTests@41294f8]" started-at="2025-05-19T14:35:11 EDT" name="setUp" finished-at="2025-05-19T14:35:20 EDT" duration-ms="8176" status="PASS">
          <reporter-output>
          </reporter-output>
        </test-method> <!-- setUp -->
        <test-method signature="testQueueOperationsPageNavigation()[pri:21, instance:testClasses.QueueTests@41294f8]" started-at="2025-05-19T14:35:20 EDT" name="testQueueOperationsPageNavigation" finished-at="2025-05-19T14:35:51 EDT" duration-ms="30980" status="FAIL">
          <exception class="org.openqa.selenium.TimeoutException">
            <message>
              <![CDATA[Expected condition failed: waiting for visibility of Proxy element for: DefaultElementLocator 'By.xpath: //*[@id='content']/a' (tried for 20 second(s) with 500 milliseconds interval)]]>
            </message>
            <full-stacktrace>
              <![CDATA[org.openqa.selenium.TimeoutException: Expected condition failed: waiting for visibility of Proxy element for: DefaultElementLocator 'By.xpath: //*[@id='content']/a' (tried for 20 second(s) with 500 milliseconds interval)
at org.openqa.selenium.support.ui.WebDriverWait.timeoutException(WebDriverWait.java:84)
at org.openqa.selenium.support.ui.FluentWait.until(FluentWait.java:228)
at dsAlgoPageObjects.QueuePageObj.clickQueueOperationslink(QueuePageObj.java:71)
at testClasses.QueueTests.testQueueOperationsPageNavigation(QueueTests.java:258)
at java.base/jdk.internal.reflect.DirectMethodHandleAccessor.invoke(DirectMethodHandleAccessor.java:103)
at java.base/java.lang.reflect.Method.invoke(Method.java:580)
at org.testng.internal.invokers.MethodInvocationHelper.invokeMethod(MethodInvocationHelper.java:141)
at org.testng.internal.invokers.TestInvoker.invokeMethod(TestInvoker.java:687)
at org.testng.internal.invokers.TestInvoker.invokeTestMethod(TestInvoker.java:230)
at org.testng.internal.invokers.MethodRunner.runInSequence(MethodRunner.java:63)
at org.testng.internal.invokers.TestInvoker$MethodInvocationAgent.invoke(TestInvoker.java:995)
at org.testng.internal.invokers.TestInvoker.invokeTestMethods(TestInvoker.java:203)
at org.testng.internal.invokers.TestMethodWorker.invokeTestMethods(TestMethodWorker.java:154)
at org.testng.internal.invokers.TestMethodWorker.run(TestMethodWorker.java:134)
at java.base/java.util.concurrent.Executors$RunnableAdapter.call(Executors.java:572)
at java.base/java.util.concurrent.FutureTask.run(FutureTask.java:317)
at org.testng.internal.thread.graph.TestNGFutureTask.run(TestNGFutureTask.java:22)
at java.base/java.util.concurrent.ThreadPoolExecutor.runWorker(ThreadPoolExecutor.java:1144)
at java.base/java.util.concurrent.ThreadPoolExecutor$Worker.run(ThreadPoolExecutor.java:642)
at java.base/java.lang.Thread.run(Thread.java:1575)
Caused by: org.openqa.selenium.NoSuchElementException: no such element: Unable to locate element: {"method":"xpath","selector":"//*[@id='content']/a"}
  (Session info: chrome=136.0.7103.114)
For documentation on this error, please visit: https://www.selenium.dev/documentation/webdriver/troubleshooting/errors#no-such-element-exception
Build info: version: '4.20.0', revision: '866c76ca80'
System info: os.name: 'Mac OS X', os.arch: 'x86_64', os.version: '15.1.1', java.version: '23.0.1'
Driver info: org.openqa.selenium.chrome.ChromeDriver
Command: [058e26defcd839653261da750139013d, findElement {using=xpath, value=//*[@id='content']/a}]
Capabilities {acceptInsecureCerts: false, browserName: chrome, browserVersion: 136.0.7103.114, chrome: {chromedriverVersion: 136.0.7103.94 (fa0be0b33deb..., userDataDir: /var/folders/49/t7zfzxpj60s...}, fedcm:accounts: true, goog:chromeOptions: {debuggerAddress: localhost:64347}, networkConnectionEnabled: false, pageLoadStrategy: normal, platformName: mac, proxy: Proxy(), se:cdp: ws://localhost:64347/devtoo..., se:cdpVersion: 136.0.7103.114, setWindowRect: true, strictFileInteractability: false, timeouts: {implicit: 0, pageLoad: 300000, script: 30000}, unhandledPromptBehavior: dismiss and notify, webauthn:extension:credBlob: true, webauthn:extension:largeBlob: true, webauthn:extension:minPinLength: true, webauthn:extension:prf: true, webauthn:virtualAuthenticators: true}
Session ID: 058e26defcd839653261da750139013d
at java.base/jdk.internal.reflect.DirectConstructorHandleAccessor.newInstance(DirectConstructorHandleAccessor.java:62)
at java.base/java.lang.reflect.Constructor.newInstanceWithCaller(Constructor.java:501)
at java.base/java.lang.reflect.Constructor.newInstance(Constructor.java:485)
at org.openqa.selenium.remote.ErrorCodec.decode(ErrorCodec.java:167)
at org.openqa.selenium.remote.codec.w3c.W3CHttpResponseCodec.decode(W3CHttpResponseCodec.java:138)
at org.openqa.selenium.remote.codec.w3c.W3CHttpResponseCodec.decode(W3CHttpResponseCodec.java:50)
at org.openqa.selenium.remote.HttpCommandExecutor.execute(HttpCommandExecutor.java:190)
at org.openqa.selenium.remote.service.DriverCommandExecutor.invokeExecute(DriverCommandExecutor.java:216)
at org.openqa.selenium.remote.service.DriverCommandExecutor.execute(DriverCommandExecutor.java:174)
at org.openqa.selenium.remote.RemoteWebDriver.execute(RemoteWebDriver.java:518)
at org.openqa.selenium.remote.ElementLocation$ElementFinder$2.findElement(ElementLocation.java:165)
at org.openqa.selenium.remote.ElementLocation.findElement(ElementLocation.java:59)
at org.openqa.selenium.remote.RemoteWebDriver.findElement(RemoteWebDriver.java:355)
at org.openqa.selenium.remote.RemoteWebDriver.findElement(RemoteWebDriver.java:349)
at org.openqa.selenium.support.pagefactory.DefaultElementLocator.findElement(DefaultElementLocator.java:68)
at org.openqa.selenium.support.pagefactory.internal.LocatingElementHandler.invoke(LocatingElementHandler.java:38)
at jdk.proxy2/jdk.proxy2.$Proxy17.isDisplayed(Unknown Source)
at org.openqa.selenium.support.ui.ExpectedConditions.elementIfVisible(ExpectedConditions.java:304)
at org.openqa.selenium.support.ui.ExpectedConditions$10.apply(ExpectedConditions.java:290)
at org.openqa.selenium.support.ui.ExpectedConditions$10.apply(ExpectedConditions.java:287)
at org.openqa.selenium.support.ui.FluentWait.until(FluentWait.java:203)
... 18 more
]]>
            </full-stacktrace>
          </exception> <!-- org.openqa.selenium.TimeoutException -->
          <reporter-output>
          </reporter-output>
        </test-method> <!-- testQueueOperationsPageNavigation -->
        <test-method is-config="true" signature="tearDown()[pri:0, instance:testClasses.QueueTests@41294f8]" started-at="2025-05-19T14:35:51 EDT" name="tearDown" finished-at="2025-05-19T14:35:51 EDT" duration-ms="129" status="PASS">
          <reporter-output>
          </reporter-output>
        </test-method> <!-- tearDown -->
        <test-method is-config="true" signature="screenShot(org.testng.ITestResult)[pri:0, instance:testClasses.QueueTests@41294f8]" started-at="2025-05-19T14:35:51 EDT" name="screenShot" finished-at="2025-05-19T14:35:51 EDT" duration-ms="1" status="PASS">
          <params>
            <param index="0">
              <value>
                <![CDATA[[TestResult name=testQueueOperationsPageNavigation status=FAILURE method=QueueTests.testQueueOperationsPageNavigation()[pri:21, instance:testClasses.QueueTests@41294f8] output={null}]]]>
              </value>
            </param>
          </params>
          <reporter-output>
          </reporter-output>
        </test-method> <!-- screenShot -->
        <test-method is-config="true" signature="startTest(java.lang.reflect.Method)[pri:0, instance:testClasses.QueueTests@41294f8]" started-at="2025-05-19T14:35:51 EDT" name="startTest" finished-at="2025-05-19T14:35:53 EDT" duration-ms="2626" status="PASS">
          <params>
            <param index="0">
              <value>
                <![CDATA[public void testClasses.QueueTests.testTryHereButtonQueueOperations()]]>
              </value>
            </param>
          </params>
          <reporter-output>
          </reporter-output>
        </test-method> <!-- startTest -->
        <test-method is-config="true" signature="setUp()[pri:0, instance:testClasses.QueueTests@41294f8]" started-at="2025-05-19T14:35:53 EDT" name="setUp" finished-at="2025-05-19T14:35:56 EDT" duration-ms="2819" status="PASS">
          <reporter-output>
          </reporter-output>
        </test-method> <!-- setUp -->
        <test-method signature="testTryHereButtonQueueOperations()[pri:22, instance:testClasses.QueueTests@41294f8]" started-at="2025-05-19T14:35:56 EDT" name="testTryHereButtonQueueOperations" finished-at="2025-05-19T14:36:27 EDT" duration-ms="30863" status="FAIL">
          <exception class="org.openqa.selenium.TimeoutException">
            <message>
              <![CDATA[Expected condition failed: waiting for visibility of Proxy element for: DefaultElementLocator 'By.xpath: //*[@id='content']/a' (tried for 20 second(s) with 500 milliseconds interval)]]>
            </message>
            <full-stacktrace>
              <![CDATA[org.openqa.selenium.TimeoutException: Expected condition failed: waiting for visibility of Proxy element for: DefaultElementLocator 'By.xpath: //*[@id='content']/a' (tried for 20 second(s) with 500 milliseconds interval)
at org.openqa.selenium.support.ui.WebDriverWait.timeoutException(WebDriverWait.java:84)
at org.openqa.selenium.support.ui.FluentWait.until(FluentWait.java:228)
at dsAlgoPageObjects.QueuePageObj.clickQueueOperationslink(QueuePageObj.java:71)
at testClasses.QueueTests.testTryHereButtonQueueOperations(QueueTests.java:265)
at java.base/jdk.internal.reflect.DirectMethodHandleAccessor.invoke(DirectMethodHandleAccessor.java:103)
at java.base/java.lang.reflect.Method.invoke(Method.java:580)
at org.testng.internal.invokers.MethodInvocationHelper.invokeMethod(MethodInvocationHelper.java:141)
at org.testng.internal.invokers.TestInvoker.invokeMethod(TestInvoker.java:687)
at org.testng.internal.invokers.TestInvoker.invokeTestMethod(TestInvoker.java:230)
at org.testng.internal.invokers.MethodRunner.runInSequence(MethodRunner.java:63)
at org.testng.internal.invokers.TestInvoker$MethodInvocationAgent.invoke(TestInvoker.java:995)
at org.testng.internal.invokers.TestInvoker.invokeTestMethods(TestInvoker.java:203)
at org.testng.internal.invokers.TestMethodWorker.invokeTestMethods(TestMethodWorker.java:154)
at org.testng.internal.invokers.TestMethodWorker.run(TestMethodWorker.java:134)
at java.base/java.util.concurrent.Executors$RunnableAdapter.call(Executors.java:572)
at java.base/java.util.concurrent.FutureTask.run(FutureTask.java:317)
at org.testng.internal.thread.graph.TestNGFutureTask.run(TestNGFutureTask.java:22)
at java.base/java.util.concurrent.ThreadPoolExecutor.runWorker(ThreadPoolExecutor.java:1144)
at java.base/java.util.concurrent.ThreadPoolExecutor$Worker.run(ThreadPoolExecutor.java:642)
at java.base/java.lang.Thread.run(Thread.java:1575)
Caused by: org.openqa.selenium.NoSuchElementException: no such element: Unable to locate element: {"method":"xpath","selector":"//*[@id='content']/a"}
  (Session info: chrome=136.0.7103.114)
For documentation on this error, please visit: https://www.selenium.dev/documentation/webdriver/troubleshooting/errors#no-such-element-exception
Build info: version: '4.20.0', revision: '866c76ca80'
System info: os.name: 'Mac OS X', os.arch: 'x86_64', os.version: '15.1.1', java.version: '23.0.1'
Driver info: org.openqa.selenium.chrome.ChromeDriver
Command: [a761558d7844a5fb2ff0a6ca3de3d470, findElement {using=xpath, value=//*[@id='content']/a}]
Capabilities {acceptInsecureCerts: false, browserName: chrome, browserVersion: 136.0.7103.114, chrome: {chromedriverVersion: 136.0.7103.94 (fa0be0b33deb..., userDataDir: /var/folders/49/t7zfzxpj60s...}, fedcm:accounts: true, goog:chromeOptions: {debuggerAddress: localhost:64585}, networkConnectionEnabled: false, pageLoadStrategy: normal, platformName: mac, proxy: Proxy(), se:cdp: ws://localhost:64585/devtoo..., se:cdpVersion: 136.0.7103.114, setWindowRect: true, strictFileInteractability: false, timeouts: {implicit: 0, pageLoad: 300000, script: 30000}, unhandledPromptBehavior: dismiss and notify, webauthn:extension:credBlob: true, webauthn:extension:largeBlob: true, webauthn:extension:minPinLength: true, webauthn:extension:prf: true, webauthn:virtualAuthenticators: true}
Session ID: a761558d7844a5fb2ff0a6ca3de3d470
at java.base/jdk.internal.reflect.DirectConstructorHandleAccessor.newInstance(DirectConstructorHandleAccessor.java:62)
at java.base/java.lang.reflect.Constructor.newInstanceWithCaller(Constructor.java:501)
at java.base/java.lang.reflect.Constructor.newInstance(Constructor.java:485)
at org.openqa.selenium.remote.ErrorCodec.decode(ErrorCodec.java:167)
at org.openqa.selenium.remote.codec.w3c.W3CHttpResponseCodec.decode(W3CHttpResponseCodec.java:138)
at org.openqa.selenium.remote.codec.w3c.W3CHttpResponseCodec.decode(W3CHttpResponseCodec.java:50)
at org.openqa.selenium.remote.HttpCommandExecutor.execute(HttpCommandExecutor.java:190)
at org.openqa.selenium.remote.service.DriverCommandExecutor.invokeExecute(DriverCommandExecutor.java:216)
at org.openqa.selenium.remote.service.DriverCommandExecutor.execute(DriverCommandExecutor.java:174)
at org.openqa.selenium.remote.RemoteWebDriver.execute(RemoteWebDriver.java:518)
at org.openqa.selenium.remote.ElementLocation$ElementFinder$2.findElement(ElementLocation.java:165)
at org.openqa.selenium.remote.ElementLocation.findElement(ElementLocation.java:59)
at org.openqa.selenium.remote.RemoteWebDriver.findElement(RemoteWebDriver.java:355)
at org.openqa.selenium.remote.RemoteWebDriver.findElement(RemoteWebDriver.java:349)
at org.openqa.selenium.support.pagefactory.DefaultElementLocator.findElement(DefaultElementLocator.java:68)
at org.openqa.selenium.support.pagefactory.internal.LocatingElementHandler.invoke(LocatingElementHandler.java:38)
at jdk.proxy2/jdk.proxy2.$Proxy17.isDisplayed(Unknown Source)
at org.openqa.selenium.support.ui.ExpectedConditions.elementIfVisible(ExpectedConditions.java:304)
at org.openqa.selenium.support.ui.ExpectedConditions$10.apply(ExpectedConditions.java:290)
at org.openqa.selenium.support.ui.ExpectedConditions$10.apply(ExpectedConditions.java:287)
at org.openqa.selenium.support.ui.FluentWait.until(FluentWait.java:203)
... 18 more
]]>
            </full-stacktrace>
          </exception> <!-- org.openqa.selenium.TimeoutException -->
          <reporter-output>
          </reporter-output>
        </test-method> <!-- testTryHereButtonQueueOperations -->
        <test-method is-config="true" signature="tearDown()[pri:0, instance:testClasses.QueueTests@41294f8]" started-at="2025-05-19T14:36:27 EDT" name="tearDown" finished-at="2025-05-19T14:36:27 EDT" duration-ms="144" status="PASS">
          <reporter-output>
          </reporter-output>
        </test-method> <!-- tearDown -->
        <test-method is-config="true" signature="screenShot(org.testng.ITestResult)[pri:0, instance:testClasses.QueueTests@41294f8]" started-at="2025-05-19T14:36:27 EDT" name="screenShot" finished-at="2025-05-19T14:36:27 EDT" duration-ms="1" status="PASS">
          <params>
            <param index="0">
              <value>
                <![CDATA[[TestResult name=testTryHereButtonQueueOperations status=FAILURE method=QueueTests.testTryHereButtonQueueOperations()[pri:22, instance:testClasses.QueueTests@41294f8] output={null}]]]>
              </value>
            </param>
          </params>
          <reporter-output>
          </reporter-output>
        </test-method> <!-- screenShot -->
        <test-method is-config="true" signature="startTest(java.lang.reflect.Method)[pri:0, instance:testClasses.QueueTests@41294f8]" started-at="2025-05-19T14:36:27 EDT" name="startTest" finished-at="2025-05-19T14:36:29 EDT" duration-ms="2292" status="PASS">
          <params>
            <param index="0">
              <value>
                <![CDATA[public void testClasses.QueueTests.testInvalidCodeRunQueueOperationsPage(java.lang.String,int,java.lang.String) throws java.lang.Exception]]>
              </value>
            </param>
          </params>
          <reporter-output>
          </reporter-output>
        </test-method> <!-- startTest -->
        <test-method is-config="true" signature="setUp()[pri:0, instance:testClasses.QueueTests@41294f8]" started-at="2025-05-19T14:36:29 EDT" name="setUp" finished-at="2025-05-19T14:36:32 EDT" duration-ms="2121" status="PASS">
          <reporter-output>
          </reporter-output>
        </test-method> <!-- setUp -->
        <test-method signature="testInvalidCodeRunQueueOperationsPage(java.lang.String,int,java.lang.String)[pri:23, instance:testClasses.QueueTests@41294f8]" started-at="2025-05-19T14:36:32 EDT" name="testInvalidCodeRunQueueOperationsPage" data-provider="InvalidPythonCode" finished-at="2025-05-19T14:37:07 EDT" duration-ms="35895" status="FAIL">
          <params>
            <param index="0">
              <value>
                <![CDATA[tryEditorCode]]>
              </value>
            </param>
            <param index="1">
              <value>
                <![CDATA[1]]>
              </value>
            </param>
            <param index="2">
              <value>
                <![CDATA[SyntaxError: bad input on line 1]]>
              </value>
            </param>
          </params>
          <exception class="org.openqa.selenium.TimeoutException">
            <message>
              <![CDATA[Expected condition failed: waiting for visibility of Proxy element for: DefaultElementLocator 'By.xpath: //*[@id='content']/a' (tried for 20 second(s) with 500 milliseconds interval)]]>
            </message>
            <full-stacktrace>
              <![CDATA[org.openqa.selenium.TimeoutException: Expected condition failed: waiting for visibility of Proxy element for: DefaultElementLocator 'By.xpath: //*[@id='content']/a' (tried for 20 second(s) with 500 milliseconds interval)
[...]
          <reporter-output>
          </reporter-output>
        </test-method> <!-- tearDown -->
        <test-method is-config="true" signature="setUp()[pri:0, instance:testClasses.LinkListTests@4196c360]" started-at="2025-05-19T14:36:44 EDT" name="setUp" finished-at="2025-05-19T14:36:48 EDT" duration-ms="3977" status="PASS">
          <reporter-output>
          </reporter-output>
        </test-method> <!-- setUp -->
        <test-method signature="testTryHereButtonTraversal()[pri:28, instance:testClasses.LinkListTests@4196c360]" started-at="2025-05-19T14:36:48 EDT" name="testTryHereButtonTraversal" finished-at="2025-05-19T14:36:55 EDT" duration-ms="6430" status="PASS">
          <reporter-output>
          </reporter-output>
        </test-method> <!-- testTryHereButtonTraversal -->
        <test-method is-config="true" signature="tearDown()[pri:0, instance:testClasses.LinkListTests@4196c360]" started-at="2025-05-19T14:36:55 EDT" name="tearDown" finished-at="2025-05-19T14:36:55 EDT" duration-ms="183" status="PASS">
          <reporter-output>
          </reporter-output>
        </test-method> <!-- tearDown -->
        <test-method is-config="true" signature="setUp()[pri:0, instance:testClasses.LinkListTests@4196c360]" started-at="2025-05-19T14:36:55 EDT" name="setUp" finished-at="2025-05-19T14:37:00 EDT" duration-ms="5136" status="PASS">
          <reporter-output>
          </reporter-output>
        </test-method> <!-- setUp -->
        <test-method signature="testInvalidCodeTraversal(java.lang.String,int,java.lang.String)[pri:29, instance:testClasses.LinkListTests@4196c360]" started-at="2025-05-19T14:37:00 EDT" name="testInvalidCodeTraversal" data-provider="InvalidPythonCode" finished-at="2025-05-19T14:37:07 EDT" duration-ms="6553" status="PASS">
          <params>
            <param index="0">
              <value>
                <![CDATA[tryEditorCode]]>
              </value>
            </param>
            <param index="1">
              <value>
                <![CDATA[1]]>
              </value>
            </param>
            <param index="2">
              <value>
                <![CDATA[SyntaxError: bad input on line 1]]>
              </value>
            </param>
          </params>
          <reporter-output>
          </reporter-output>
        </test-method> <!-- testInvalidCodeTraversal -->
        <test-method is-config="true" signature="tearDown()[pri:0, instance:testClasses.LinkListTests@4196c360]" started-at="2025-05-19T14:37:07 EDT" name="tearDown" finished-at="2025-05-19T14:37:07 EDT" duration-ms="196" status="PASS">
          <reporter-output>
          </reporter-output>
        </test-method> <!-- tearDown -->
        <test-method is-config="true" signature="setUp()[pri:0, instance:testClasses.LinkListTests@4196c360]" started-at="2025-05-19T14:37:07 EDT" name="setUp" finished-at="2025-05-19T14:37:12 EDT" duration-ms="4721" status="PASS">
          <reporter-output>
          </reporter-output>
        </test-method> <!-- setUp -->
        <test-method signature="testValidCodeTraversal(java.lang.String,int,java.lang.String)[pri:30, instance:testClasses.LinkListTests@4196c360]" started-at="2025-05-19T14:37:12 EDT" name="testValidCodeTraversal" data-provider="ValidPythonCode" finished-at="2025-05-19T14:37:18 EDT" duration-ms="6482" status="PASS">
          <params>
            <param index="0">
              <value>
                <![CDATA[tryEditorCode]]>
              </value>
            </param>
            <param index="1">
              <value>
                <![CDATA[0]]>
              </value>
            </param>
            <param index="2">
              <value>
                <![CDATA[Python is fun!]]>
              </value>
            </param>
          </params>
          <reporter-output>
          </reporter-output>
        </test-method> <!-- testValidCodeTraversal -->
        <test-method is-config="true" signature="tearDown()[pri:0, instance:testClasses.LinkListTests@4196c360]" started-at="2025-05-19T14:37:18 EDT" name="tearDown" finished-at="2025-05-19T14:37:18 EDT" duration-ms="126" status="PASS">
          <reporter-output>
          </reporter-output>
        </test-method> <!-- tearDown -->
        <test-method is-config="true" signature="setUp()[pri:0, instance:testClasses.LinkListTests@4196c360]" started-at="2025-05-19T14:37:18 EDT" name="setUp" finished-at="2025-05-19T14:37:23 EDT" duration-ms="4444" status="PASS">
          <reporter-output>
          </reporter-output>
        </test-method> <!-- setUp -->
        <test-method signature="testPracticeQuestionsLinkTraversal()[pri:31, instance:testClasses.LinkListTests@4196c360]" started-at="2025-05-19T14:37:23 EDT" name="testPracticeQuestionsLinkTraversal" finished-at="2025-05-19T14:37:24 EDT" duration-ms="877" status="PASS">
          <reporter-output>
          </reporter-output>
        </test-method> <!-- testPracticeQuestionsLinkTraversal -->
        <test-method is-config="true" signature="tearDown()[pri:0, instance:testClasses.LinkListTests@4196c360]" started-at="2025-05-19T14:37:24 EDT" name="tearDown" finished-at="2025-05-19T14:37:24 EDT" duration-ms="135" status="PASS">
          <reporter-output>
          </reporter-output>
        </test-method> <!-- tearDown -->
        <test-method is-config="true" signature="setUp()[pri:0, instance:testClasses.LinkListTests@4196c360]" started-at="2025-05-19T14:37:24 EDT" name="setUp" finished-at="2025-05-19T14:37:28 EDT" duration-ms="4093" status="PASS">
          <reporter-output>
          </reporter-output>
        </test-method> <!-- setUp -->
        <test-method signature="insertionPage()[pri:32, instance:testClasses.LinkListTests@4196c360]" started-at="2025-05-19T14:37:28 EDT" name="insertionPage" finished-at="2025-05-19T14:37:33 EDT" duration-ms="5306" status="PASS">
          <reporter-output>
          </reporter-output>
        </test-method> <!-- insertionPage -->
        <test-method is-config="true" signature="tearDown()[pri:0, instance:testClasses.LinkListTests@4196c360]" started-at="2025-05-19T14:37:33 EDT" name="tearDown" finished-at="2025-05-19T14:37:33 EDT" duration-ms="142" status="PASS">
          <reporter-output>
          </reporter-output>
        </test-method> <!-- tearDown -->
        <test-method is-config="true" signature="setUp()[pri:0, instance:testClasses.LinkListTests@4196c360]" started-at="2025-05-19T14:37:33 EDT" name="setUp" finished-at="2025-05-19T14:37:37 EDT" duration-ms="3951" status="PASS">
          <reporter-output>
          </reporter-output>
        </test-method> <!-- setUp -->
        <test-method signature="testInsertionPageNavigation()[pri:33, instance:testClasses.LinkListTests@4196c360]" started-at="2025-05-19T14:37:37 EDT" name="testInsertionPageNavigation" finished-at="2025-05-19T14:37:38 EDT" duration-ms="636" status="PASS">
          <reporter-output>
          </reporter-output>
        </test-method> <!-- testInsertionPageNavigation -->
        <test-method is-config="true" signature="tearDown()[pri:0, instance:testClasses.LinkListTests@4196c360]" started-at="2025-05-19T14:37:38 EDT" name="tearDown" finished-at="2025-05-19T14:37:38 EDT" duration-ms="127" status="PASS">
          <reporter-output>
          </reporter-output>
        </test-method> <!-- tearDown -->
        <test-method is-config="true" signature="setUp()[pri:0, instance:testClasses.LinkListTests@4196c360]" started-at="2025-05-19T14:37:38 EDT" name="setUp" finished-at="2025-05-19T14:37:42 EDT" duration-ms="3963" status="PASS">
          <reporter-output>
          </reporter-output>
        </test-method> <!-- setUp -->
        <test-method signature="testTryHereButtonInsertion()[pri:34, instance:testClasses.LinkListTests@4196c360]" started-at="2025-05-19T14:37:42 EDT" name="testTryHereButtonInsertion" finished-at="2025-05-19T14:37:49 EDT" duration-ms="6704" status="PASS">
          <reporter-output>
          </reporter-output>
        </test-method> <!-- testTryHereButtonInsertion -->
        <test-method is-config="true" signature="tearDown()[pri:0, instance:testClasses.LinkListTests@4196c360]" started-at="2025-05-19T14:37:49 EDT" name="tearDown" finished-at="2025-05-19T14:37:49 EDT" duration-ms="140" status="PASS">
          <reporter-output>
          </reporter-output>
        </test-method> <!-- tearDown -->
        <test-method is-config="true" signature="setUp()[pri:0, instance:testClasses.LinkListTests@4196c360]" started-at="2025-05-19T14:37:49 EDT" name="setUp" finished-at="2025-05-19T14:37:53 EDT" duration-ms="4433" status="PASS">
          <reporter-output>
          </reporter-output>
        </test-method> <!-- setUp -->
        <test-method signature="testInvalidCodeInsertion(java.lang.String,int,java.lang.String)[pri:35, instance:testClasses.LinkListTests@4196c360]" started-at="2025-05-19T14:37:53 EDT" name="testInvalidCodeInsertion" data-provider="InvalidPythonCode" finished-at="2025-05-19T14:38:00 EDT" duration-ms="6375" status="PASS">
          <params>
            <param index="0">
              <value>
                <![CDATA[tryEditorCode]]>
              </value>
            </param>
            <param index="1">
              <value>
                <![CDATA[1]]>
              </value>
            </param>
            <param index="2">
              <value>
                <![CDATA[SyntaxError: bad input on line 1]]>
              </value>
            </param>
          </params>
          <reporter-output>
          </reporter-output>
        </test-method> <!-- testInvalidCodeInsertion -->
        <test-method is-config="true" signature="tearDown()[pri:0, instance:testClasses.LinkListTests@4196c360]" started-at="2025-05-19T14:38:00 EDT" name="tearDown" finished-at="2025-05-19T14:38:00 EDT" duration-ms="151" status="PASS">
          <reporter-output>
          </reporter-output>
        </test-method> <!-- tearDown -->
        <test-method is-config="true" signature="setUp()[pri:0, instance:testClasses.LinkListTests@4196c360]" started-at="2025-05-19T14:38:00 EDT" name="setUp" finished-at="2025-05-19T14:38:05 EDT" duration-ms="5271" status="PASS">
          <reporter-output>
          </reporter-output>
        </test-method> <!-- setUp -->
        <test-method signature="testValidCodeInsertion(java.lang.String,int,java.lang.String)[pri:36, instance:testClasses.LinkListTests@4196c360]" started-at="2025-05-19T14:38:05 EDT" name="testValidCodeInsertion" data-provider="ValidPythonCode" finished-at="2025-05-19T14:38:12 EDT" duration-ms="6540" status="PASS">
          <params>
            <param index="0">
              <value>
                <![CDATA[tryEditorCode]]>
              </value>
            </param>
            <param index="1">
              <value>
                <![CDATA[0]]>
              </value>
            </param>
            <param index="2">
              <value>
                <![CDATA[Python is fun!]]>
              </value>
            </param>
          </params>
          <reporter-output>
          </reporter-output>
        </test-method> <!-- testValidCodeInsertion -->
        <test-method is-config="true" signature="tearDown()[pri:0, instance:testClasses.LinkListTests@4196c360]" started-at="2025-05-19T14:38:12 EDT" name="tearDown" finished-at="2025-05-19T14:38:12 EDT" duration-ms="136" status="PASS">
          <reporter-output>
          </reporter-output>
        </test-method> <!-- tearDown -->
        <test-method is-config="true" signature="setUp()[pri:0, instance:testClasses.LinkListTests@4196c360]" started-at="2025-05-19T14:38:12 EDT" name="setUp" finished-at="2025-05-19T14:38:16 EDT" duration-ms="3949" status="PASS">
          <reporter-output>
          </reporter-output>
        </test-method> <!-- setUp -->
        <test-method signature="testPracticeQuestionsLinkInsertion()[pri:37, instance:testClasses.LinkListTests@4196c360]" started-at="2025-05-19T14:38:16 EDT" name="testPracticeQuestionsLinkInsertion" finished-at="2025-05-19T14:38:22 EDT" duration-ms="5883" status="PASS">
          <reporter-output>
          </reporter-output>
        </test-method> <!-- testPracticeQuestionsLinkInsertion -->
        <test-method is-config="true" signature="tearDown()[pri:0, instance:testClasses.LinkListTests@4196c360]" started-at="2025-05-19T14:38:22 EDT" name="tearDown" finished-at="2025-05-19T14:38:22 EDT" duration-ms="132" status="PASS">
          <reporter-output>
          </reporter-output>
        </test-method> <!-- tearDown -->
        <test-method is-config="true" signature="setUp()[pri:0, instance:testClasses.LinkListTests@4196c360]" started-at="2025-05-19T14:38:22 EDT" name="setUp" finished-at="2025-05-19T14:38:26 EDT" duration-ms="4018" status="PASS">
          <reporter-output>
          </reporter-output>
        </test-method> <!-- setUp -->
        <test-method signature="deletionPage()[pri:38, instance:testClasses.LinkListTests@4196c360]" started-at="2025-05-19T14:38:26 EDT" name="deletionPage" finished-at="2025-05-19T14:38:31 EDT" duration-ms="5296" status="PASS">
          <reporter-output>
          </reporter-output>
        </test-method> <!-- deletionPage -->
        <test-method is-config="true" signature="tearDown()[pri:0, instance:testClasses.LinkListTests@4196c360]" started-at="2025-05-19T14:38:31 EDT" name="tearDown" finished-at="2025-05-19T14:38:31 EDT" duration-ms="130" status="PASS">
          <reporter-output>
          </reporter-output>
        </test-method> <!-- tearDown -->
        <test-method is-config="true" signature="setUp()[pri:0, instance:testClasses.LinkListTests@4196c360]" started-at="2025-05-19T14:38:31 EDT" name="setUp" finished-at="2025-05-19T14:38:35 EDT" duration-ms="3991" status="PASS">
          <reporter-output>
          </reporter-output>
        </test-method> <!-- setUp -->
        <test-method signature="testDeletionPageNavigation()[pri:39, instance:testClasses.LinkListTests@4196c360]" started-at="2025-05-19T14:38:35 EDT" name="testDeletionPageNavigation" finished-at="2025-05-19T14:38:36 EDT" duration-ms="579" status="PASS">
          <reporter-output>
          </reporter-output>
        </test-method> <!-- testDeletionPageNavigation -->
        <test-method is-config="true" signature="tearDown()[pri:0, instance:testClasses.LinkListTests@4196c360]" started-at="2025-05-19T14:38:36 EDT" name="tearDown" finished-at="2025-05-19T14:38:36 EDT" duration-ms="135" status="PASS">
          <reporter-output>
          </reporter-output>
        </test-method> <!-- tearDown -->
        <test-method is-config="true" signature="setUp()[pri:0, instance:testClasses.LinkListTests@4196c360]" started-at="2025-05-19T14:38:36 EDT" name="setUp" finished-at="2025-05-19T14:38:40 EDT" duration-ms="4015" status="PASS">
          <reporter-output>
          </reporter-output>
        </test-method> <!-- setUp -->
        <test-method signature="testTryHereButtonDeletion()[pri:40, instance:testClasses.LinkListTests@4196c360]" started-at="2025-05-19T14:38:40 EDT" name="testTryHereButtonDeletion" finished-at="2025-05-19T14:38:46 EDT" duration-ms="6402" status="PASS">
          <reporter-output>
          </reporter-output>
        </test-method> <!-- testTryHereButtonDeletion -->
        <test-method is-config="true" signature="tearDown()[pri:0, instance:testClasses.LinkListTests@4196c360]" started-at="2025-05-19T14:38:46 EDT" name="tearDown" finished-at="2025-05-19T14:38:46 EDT" duration-ms="136" status="PASS">
          <reporter-output>
          </reporter-output>
        </test-method> <!-- tearDown -->
        <test-method is-config="true" signature="setUp()[pri:0, instance:testClasses.LinkListTests@4196c360]" started-at="2025-05-19T14:38:46 EDT" name="setUp" finished-at="2025-05-19T14:38:50 EDT" duration-ms="3906" status="PASS">
          <reporter-output>
          </reporter-output>
        </test-method> <!-- setUp -->
        <test-method signature="testInvalidCodeDeletion(java.lang.String,int,java.lang.String)[pri:41, instance:testClasses.LinkListTests@4196c360]" started-at="2025-05-19T14:38:50 EDT" name="testInvalidCodeDeletion" data-provider="InvalidPythonCode" finished-at="2025-05-19T14:38:57 EDT" duration-ms="6376" status="PASS">
          <params>
            <param index="0">
              <value>
                <![CDATA[tryEditorCode]]>
              </value>
            </param>
            <param index="1">
              <value>
                <![CDATA[1]]>
              </value>
            </param>
            <param index="2">
              <value>
                <![CDATA[SyntaxError: bad input on line 1]]>
              </value>
            </param>
          </params>
          <reporter-output>
          </reporter-output>
        </test-method> <!-- testInvalidCodeDeletion -->
        <test-method is-config="true" signature="tearDown()[pri:0, instance:testClasses.LinkListTests@4196c360]" started-at="2025-05-19T14:38:57 EDT" name="tearDown" finished-at="2025-05-19T14:38:57 EDT" duration-ms="139" status="PASS">
          <reporter-output>
          </reporter-output>
        </test-method> <!-- tearDown -->
        <test-method is-config="true" signature="setUp()[pri:0, instance:testClasses.LinkListTests@4196c360]" started-at="2025-05-19T14:38:57 EDT" name="setUp" finished-at="2025-05-19T14:39:01 EDT" duration-ms="3923" status="PASS">
          <reporter-output>
          </reporter-output>
        </test-method> <!-- setUp -->
        <test-method signature="testValidCodeDeletion(java.lang.String,int,java.lang.String)[pri:42, instance:testClasses.LinkListTests@4196c360]" started-at="2025-05-19T14:39:01 EDT" name="testValidCodeDeletion" data-provider="ValidPythonCode" finished-at="2025-05-19T14:39:07 EDT" duration-ms="6400" status="PASS">
          <params>
            <param index="0">
              <value>
                <![CDATA[tryEditorCode]]>
              </value>
            </param>
            <param index="1">
              <value>
                <![CDATA[0]]>
              </value>
            </param>
            <param index="2">
              <value>
                <![CDATA[Python is fun!]]>
              </value>
            </param>
          </params>
          <reporter-output>
          </reporter-output>
        </test-method> <!-- testValidCodeDeletion -->
        <test-method is-config="true" signature="tearDown()[pri:0, instance:testClasses.LinkListTests@4196c360]" started-at="2025-05-19T14:39:07 EDT" name="tearDown" finished-at="2025-05-19T14:39:07 EDT" duration-ms="132" status="PASS">
          <reporter-output>
          </reporter-output>
        </test-method> <!-- tearDown -->
        <test-method is-config="true" signature="setUp()[pri:0, instance:testClasses.LinkListTests@4196c360]" started-at="2025-05-19T14:39:07 EDT" name="setUp" finished-at="2025-05-19T14:39:11 EDT" duration-ms="3964" status="PASS">
          <reporter-output>
          </reporter-output>
        </test-method> <!-- setUp -->
        <test-method signature="testPracticeQuestionsLinkDeletion()[pri:43, instance:testClasses.LinkListTests@4196c360]" started-at="2025-05-19T14:39:11 EDT" name="testPracticeQuestionsLinkDeletion" finished-at="2025-05-19T14:39:17 EDT" duration-ms="5794" status="PASS">
          <reporter-output>
          </reporter-output>
        </test-method> <!-- testPracticeQuestionsLinkDeletion -->
        <test-method is-config="true" signature="tearDown()[pri:0, instance:testClasses.LinkListTests@4196c360]" started-at="2025-05-19T14:39:17 EDT" name="tearDown" finished-at="2025-05-19T14:39:17 EDT" duration-ms="134" status="PASS">
          <reporter-output>
          </reporter-output>
        </test-method> <!-- tearDown -->
      </class> <!-- testClasses.LinkListTests -->
    </test> <!-- DSAlgo Tests -->
  </suite> <!-- DSAlgo Suite -->
</testng-results>
