<?xml version="1.0" encoding="UTF-8"?>
<testng-results ignored="15" total="16" passed="1" failed="0" skipped="0">
  <reporter-output>
  </reporter-output>
  <suite started-at="2025-05-20T10:08:54 EDT" name="Default suite" finished-at="2025-05-20T10:09:05 EDT" duration-ms="11020">
    <groups>
      <group name="positive">
        <method signature="ArrayTests.MaxConsecutiveOnes(java.lang.String,int,java.lang.String)[pri:11, instance:testClasses.ArrayTests@7cb502c]" name="MaxConsecutiveOnes" class="testClasses.ArrayTests"/>
      </group> <!-- positive -->
    </groups>
    <test started-at="2025-05-20T10:08:54 EDT" name="Default test" finished-at="2025-05-20T10:09:05 EDT" duration-ms="11020">
      <class name="testClasses.ArrayTests">
        <test-method is-config="true" signature="setUp()[pri:0, instance:testClasses.ArrayTests@7cb502c]" started-at="2025-05-20T10:08:50 EDT" name="setUp" finished-at="2025-05-20T10:08:54 EDT" duration-ms="3501" status="PASS">
          <reporter-output>
          </reporter-output>
        </test-method> <!-- setUp -->
        <test-method is-config="true" signature="setUpOnce()[pri:0, instance:testClasses.ArrayTests@7cb502c]" started-at="2025-05-20T10:08:54 EDT" name="setUpOnce" finished-at="2025-05-20T10:09:02 EDT" duration-ms="7994" status="PASS">
          <reporter-output>
          </reporter-output>
        </test-method> <!-- setUpOnce -->
        <test-method signature="MaxConsecutiveOnes(java.lang.String,int,java.lang.String)[pri:11, instance:testClasses.ArrayTests@7cb502c]" started-at="2025-05-20T10:09:02 EDT" name="MaxConsecutiveOnes" data-provider="MaxConsecutiveOnesData" finished-at="2025-05-20T10:09:05 EDT" duration-ms="2631" status="PASS">
          <params>
            <param index="0">
              <value>
                <![CDATA[pythonCode1]]>
              </value>
            </param>
            <param index="1">
              <value>
                <![CDATA[2]]>
              </value>
            </param>
            <param index="2">
              <value>
                <![CDATA[2]]>
              </value>
            </param>
          </params>
          <reporter-output>
          </reporter-output>
        </test-method> <!-- MaxConsecutiveOnes -->
        <test-method is-config="true" signature="tearDown()[pri:0, instance:testClasses.ArrayTests@7cb502c]" started-at="2025-05-20T10:09:05 EDT" name="tearDown" finished-at="2025-05-20T10:09:05 EDT" duration-ms="210" status="PASS">
          <reporter-output>
          </reporter-output>
        </test-method> <!-- tearDown -->
      </class> <!-- testClasses.ArrayTests -->
    </test> <!-- Default test -->
  </suite> <!-- Default suite -->
</testng-results>
