<?xml version="1.0" encoding="UTF-8"?>
<testng-results ignored="1" total="2" passed="1" failed="0" skipped="0">
  <reporter-output>
  </reporter-output>
  <suite started-at="2025-05-15T04:22:52 EDT" name="Default suite" finished-at="2025-05-15T04:22:58 EDT" duration-ms="6245">
    <groups>
    </groups>
    <test started-at="2025-05-15T04:22:52 EDT" name="Default test" finished-at="2025-05-15T04:22:58 EDT" duration-ms="6245">
      <class name="testClasses.DataStructureTests">
        <test-method is-config="true" signature="setUp()[pri:0, instance:testClasses.DataStructureTests@3214ee6]" started-at="2025-05-15T04:22:52 EDT" name="setUp" finished-at="2025-05-15T04:22:57 EDT" duration-ms="4655" status="PASS">
          <reporter-output>
          </reporter-output>
        </test-method> <!-- setUp -->
        <test-method signature="testInValidOutputforTimeComplexity()[pri:0, instance:testClasses.DataStructureTests@3214ee6]" started-at="2025-05-15T04:22:57 EDT" name="testInValidOutputforTimeComplexity" finished-at="2025-05-15T04:22:58 EDT" duration-ms="1463" status="PASS">
          <reporter-output>
          </reporter-output>
        </test-method> <!-- testInValidOutputforTimeComplexity -->
      </class> <!-- testClasses.DataStructureTests -->
    </test> <!-- Default test -->
  </suite> <!-- Default suite -->
</testng-results>
