<?xml version="1.0" encoding="UTF-8"?>
<testng-results ignored="16" total="17" passed="1" failed="0" skipped="0">
  <reporter-output>
  </reporter-output>
  <suite started-at="2025-05-19T23:40:41 EDT" name="Default suite" finished-at="2025-05-19T23:40:52 EDT" duration-ms="10333">
    <groups>
    </groups>
    <test started-at="2025-05-19T23:40:41 EDT" name="Default test" finished-at="2025-05-19T23:40:52 EDT" duration-ms="10333">
      <class name="testClasses.ArrayTests">
        <test-method is-config="true" signature="setUp()[pri:0, instance:testClasses.ArrayTests@4fbe37eb]" started-at="2025-05-19T23:40:38 EDT" name="setUp" finished-at="2025-05-19T23:40:41 EDT" duration-ms="3175" status="PASS">
          <reporter-output>
          </reporter-output>
        </test-method> <!-- setUp -->
        <test-method is-config="true" signature="setUpOnce()[pri:0, instance:testClasses.ArrayTests@4fbe37eb]" started-at="2025-05-19T23:40:42 EDT" name="setUpOnce" finished-at="2025-05-19T23:40:49 EDT" duration-ms="7409" status="PASS">
          <reporter-output>
          </reporter-output>
        </test-method> <!-- setUpOnce -->
        <test-method signature="ArraysinPython1(java.lang.String,int,java.lang.String)[pri:2, instance:testClasses.ArrayTests@4fbe37eb]" started-at="2025-05-19T23:40:49 EDT" name="ArraysinPython1" data-provider="InvalidPythonCode" finished-at="2025-05-19T23:40:52 EDT" duration-ms="2323" status="PASS">
          <params>
            <param index="0">
              <value>
                <![CDATA[tryEditorCode]]>
              </value>
            </param>
            <param index="1">
              <value>
                <![CDATA[1]]>
              </value>
            </param>
            <param index="2">
              <value>
                <![CDATA[SyntaxError: bad input on line 1]]>
              </value>
            </param>
          </params>
          <reporter-output>
          </reporter-output>
        </test-method> <!-- ArraysinPython1 -->
        <test-method is-config="true" signature="tearDown()[pri:0, instance:testClasses.ArrayTests@4fbe37eb]" started-at="2025-05-19T23:40:52 EDT" name="tearDown" finished-at="2025-05-19T23:40:52 EDT" duration-ms="201" status="PASS">
          <reporter-output>
          </reporter-output>
        </test-method> <!-- tearDown -->
      </class> <!-- testClasses.ArrayTests -->
    </test> <!-- Default test -->
  </suite> <!-- Default suite -->
</testng-results>
