<?xml version="1.0" encoding="UTF-8"?>
<testng-results ignored="21" total="22" passed="1" failed="0" skipped="0">
  <reporter-output>
  </reporter-output>
  <suite started-at="2025-05-20T08:40:18 EDT" name="Default suite" finished-at="2025-05-20T08:40:27 EDT" duration-ms="9590">
    <groups>
    </groups>
    <test started-at="2025-05-20T08:40:18 EDT" name="Default test" finished-at="2025-05-20T08:40:27 EDT" duration-ms="9590">
      <class name="testClasses.TreeTests">
        <test-method is-config="true" signature="setUp()[pri:0, instance:testClasses.TreeTests@6986852]" started-at="2025-05-20T08:40:15 EDT" name="setUp" finished-at="2025-05-20T08:40:18 EDT" duration-ms="3034" status="PASS">
          <reporter-output>
          </reporter-output>
        </test-method> <!-- setUp -->
        <test-method is-config="true" signature="setUpOnce()[pri:0, instance:testClasses.TreeTests@6986852]" started-at="2025-05-20T08:40:18 EDT" name="setUpOnce" finished-at="2025-05-20T08:40:25 EDT" duration-ms="7470" status="PASS">
          <reporter-output>
          </reporter-output>
        </test-method> <!-- setUpOnce -->
        <test-method signature="clickTraversalsIllustrationsLink(java.lang.String,int,java.lang.String)[pri:9, instance:testClasses.TreeTests@6986852]" started-at="2025-05-20T08:40:25 EDT" name="clickTraversalsIllustrationsLink" data-provider="ValidPythonCode" finished-at="2025-05-20T08:40:27 EDT" duration-ms="1828" status="PASS">
          <params>
            <param index="0">
              <value>
                <![CDATA[tryEditorCode]]>
              </value>
            </param>
            <param index="1">
              <value>
                <![CDATA[0]]>
              </value>
            </param>
            <param index="2">
              <value>
                <![CDATA[Python is fun!]]>
              </value>
            </param>
          </params>
          <reporter-output>
          </reporter-output>
        </test-method> <!-- clickTraversalsIllustrationsLink -->
        <test-method is-config="true" signature="tearDown()[pri:0, instance:testClasses.TreeTests@6986852]" started-at="2025-05-20T08:40:27 EDT" name="tearDown" finished-at="2025-05-20T08:40:27 EDT" duration-ms="149" status="PASS">
          <reporter-output>
          </reporter-output>
        </test-method> <!-- tearDown -->
      </class> <!-- testClasses.TreeTests -->
    </test> <!-- Default test -->
  </suite> <!-- Default suite -->
</testng-results>
