<?xml version="1.0" encoding="UTF-8"?>
<testng-results ignored="2" total="3" passed="0" failed="1" skipped="0">
  <reporter-output>
  </reporter-output>
  <suite started-at="2025-05-14T23:15:39 EDT" name="Default suite" finished-at="2025-05-14T23:15:45 EDT" duration-ms="5984">
    <groups>
    </groups>
    <test started-at="2025-05-14T23:15:39 EDT" name="Default test" finished-at="2025-05-14T23:15:45 EDT" duration-ms="5984">
      <class name="testClasses.RegisterTests">
        <test-method is-config="true" signature="setUp()[pri:0, instance:testClasses.RegisterTests@18f8cd79]" started-at="2025-05-14T23:15:39 EDT" name="setUp" finished-at="2025-05-14T23:15:43 EDT" duration-ms="3754" status="PASS">
          <reporter-output>
          </reporter-output>
        </test-method> <!-- setUp -->
        <test-method signature="testPasswordMismatchRegistration()[pri:2, instance:testClasses.RegisterTests@18f8cd79]" started-at="2025-05-14T23:15:43 EDT" name="testPasswordMismatchRegistration" finished-at="2025-05-14T23:15:45 EDT" duration-ms="1954" status="FAIL">
          <exception class="java.io.IOException">
            <message>
              <![CDATA[Sheet RegisterData not found in src/test/resources/TestData/TestingData.xlsx]]>
            </message>
            <full-stacktrace>
              <![CDATA[java.io.IOException: Sheet RegisterData not found in src/test/resources/TestData/TestingData.xlsx
at utils.ExcelRead.readExcelSheet(ExcelRead.java:23)
at pages.RegisterPageObj.fillRegistrationForm(RegisterPageObj.java:72)
at testClasses.RegisterTests.testPasswordMismatchRegistration(RegisterTests.java:51)
at java.base/jdk.internal.reflect.DirectMethodHandleAccessor.invoke(DirectMethodHandleAccessor.java:104)
at java.base/java.lang.reflect.Method.invoke(Method.java:565)
at org.testng.internal.invokers.MethodInvocationHelper.invokeMethod(MethodInvocationHelper.java:141)
at org.testng.internal.invokers.TestInvoker.invokeMethod(TestInvoker.java:687)
at org.testng.internal.invokers.TestInvoker.invokeTestMethod(TestInvoker.java:230)
at org.testng.internal.invokers.MethodRunner.runInSequence(MethodRunner.java:63)
at org.testng.internal.invokers.TestInvoker$MethodInvocationAgent.invoke(TestInvoker.java:995)
at org.testng.internal.invokers.TestInvoker.invokeTestMethods(TestInvoker.java:203)
at org.testng.internal.invokers.TestMethodWorker.invokeTestMethods(TestMethodWorker.java:154)
at org.testng.internal.invokers.TestMethodWorker.run(TestMethodWorker.java:134)
at java.base/java.util.ArrayList.forEach(ArrayList.java:1604)
at org.testng.TestRunner.privateRun(TestRunner.java:741)
at org.testng.TestRunner.run(TestRunner.java:616)
at org.testng.SuiteRunner.runTest(SuiteRunner.java:421)
at org.testng.SuiteRunner.runSequentially(SuiteRunner.java:413)
at org.testng.SuiteRunner.privateRun(SuiteRunner.java:373)
at org.testng.SuiteRunner.run(SuiteRunner.java:312)
at org.testng.SuiteRunnerWorker.runSuite(SuiteRunnerWorker.java:52)
at org.testng.SuiteRunnerWorker.run(SuiteRunnerWorker.java:95)
at org.testng.TestNG.runSuitesSequentially(TestNG.java:1274)
at org.testng.TestNG.runSuitesLocally(TestNG.java:1208)
at org.testng.TestNG.runSuites(TestNG.java:1112)
at org.testng.TestNG.run(TestNG.java:1079)
at org.testng.remote.AbstractRemoteTestNG.run(AbstractRemoteTestNG.java:115)
at org.testng.remote.RemoteTestNG.initAndRun(RemoteTestNG.java:293)
at org.testng.remote.RemoteTestNG.main(RemoteTestNG.java:91)
]]>
            </full-stacktrace>
          </exception> <!-- java.io.IOException -->
          <reporter-output>
          </reporter-output>
        </test-method> <!-- testPasswordMismatchRegistration -->
        <test-method is-config="true" signature="tearDown()[pri:0, instance:testClasses.RegisterTests@18f8cd79]" started-at="2025-05-14T23:15:45 EDT" name="tearDown" finished-at="2025-05-14T23:15:45 EDT" duration-ms="153" status="PASS">
          <reporter-output>
          </reporter-output>
        </test-method> <!-- tearDown -->
      </class> <!-- testClasses.RegisterTests -->
    </test> <!-- Default test -->
  </suite> <!-- Default suite -->
</testng-results>
