<?xml version="1.0" encoding="UTF-8"?>
<testng-results ignored="2" total="3" passed="1" failed="0" skipped="0">
  <reporter-output>
  </reporter-output>
  <suite started-at="2025-05-19T22:31:09 EDT" name="Default suite" finished-at="2025-05-19T22:31:19 EDT" duration-ms="10216">
    <groups>
    </groups>
    <test started-at="2025-05-19T22:31:09 EDT" name="Default test" finished-at="2025-05-19T22:31:19 EDT" duration-ms="10216">
      <class name="testClasses.SignInTests">
        <test-method is-config="true" signature="setUp()[pri:0, instance:testClasses.SignInTests@420a85c4]" started-at="2025-05-19T22:31:09 EDT" name="setUp" finished-at="2025-05-19T22:31:18 EDT" duration-ms="9094" status="PASS">
          <reporter-output>
          </reporter-output>
        </test-method> <!-- setUp -->
        <test-method signature="testEmptyData(java.lang.String,int)[pri:3, instance:testClasses.SignInTests@420a85c4]" started-at="2025-05-19T22:31:18 EDT" name="testEmptyData" data-provider="emptydata" finished-at="2025-05-19T22:31:19 EDT" duration-ms="522" status="PASS">
          <params>
            <param index="0">
              <value>
                <![CDATA[Login]]>
              </value>
            </param>
            <param index="1">
              <value>
                <![CDATA[1]]>
              </value>
            </param>
          </params>
          <reporter-output>
          </reporter-output>
        </test-method> <!-- testEmptyData -->
        <test-method is-config="true" signature="tearDown()[pri:0, instance:testClasses.SignInTests@420a85c4]" started-at="2025-05-19T22:31:19 EDT" name="tearDown" finished-at="2025-05-19T22:31:19 EDT" duration-ms="176" status="PASS">
          <reporter-output>
          </reporter-output>
        </test-method> <!-- tearDown -->
      </class> <!-- testClasses.SignInTests -->
    </test> <!-- Default test -->
  </suite> <!-- Default suite -->
</testng-results>
